{"__type":"$$EventMessageWorkflow","id":"59ebf60e-920e-4648-a3d2-e671f9e3891a","ts":"2025-12-30T19:31:26.620-05:00","eventName":"n8n.workflow.started","message":"n8n.workflow.started","payload":{"executionId":"7","workflowId":"x5T0iojW1dfc92cb","isManual":false,"workflowName":"My workflow"}}
{"__type":"$$EventMessageConfirm","confirm":"59ebf60e-920e-4648-a3d2-e671f9e3891a","ts":"2025-12-30T19:31:26.621-05:00","source":{"id":"0","name":"eventBus"}}
{"__type":"$$EventMessageNode","id":"00810ebe-20de-428a-b8ae-094a96f83ad9","ts":"2025-12-30T19:31:26.621-05:00","eventName":"n8n.node.started","message":"n8n.node.started","payload":{"workflowId":"x5T0iojW1dfc92cb","workflowName":"My workflow","executionId":"7","nodeType":"n8n-nodes-base.webhook","nodeName":"File Uploaded","nodeId":"85ef8842-4465-428c-a54a-943f9e40962e"}}
{"__type":"$$EventMessageConfirm","confirm":"00810ebe-20de-428a-b8ae-094a96f83ad9","ts":"2025-12-30T19:31:26.621-05:00","source":{"id":"0","name":"eventBus"}}
{"__type":"$$EventMessageNode","id":"c581bcdd-5cfd-4c61-9679-045587a34b2a","ts":"2025-12-30T19:31:26.622-05:00","eventName":"n8n.node.finished","message":"n8n.node.finished","payload":{"workflowId":"x5T0iojW1dfc92cb","workflowName":"My workflow","executionId":"7","nodeType":"n8n-nodes-base.webhook","nodeName":"File Uploaded","nodeId":"85ef8842-4465-428c-a54a-943f9e40962e"}}
{"__type":"$$EventMessageConfirm","confirm":"c581bcdd-5cfd-4c61-9679-045587a34b2a","ts":"2025-12-30T19:31:26.622-05:00","source":{"id":"0","name":"eventBus"}}
{"__type":"$$EventMessageNode","id":"564649b1-1497-491b-8388-6cc924a750f0","ts":"2025-12-30T19:31:26.622-05:00","eventName":"n8n.node.started","message":"n8n.node.started","payload":{"workflowId":"x5T0iojW1dfc92cb","workflowName":"My workflow","executionId":"7","nodeType":"n8n-nodes-base.httpRequest","nodeName":"HTTP Request","nodeId":"0c92071e-710f-43fe-952f-60e9b7e5ce98"}}
{"__type":"$$EventMessageConfirm","confirm":"564649b1-1497-491b-8388-6cc924a750f0","ts":"2025-12-30T19:31:26.622-05:00","source":{"id":"0","name":"eventBus"}}
{"__type":"$$EventMessageNode","id":"2b7f3b93-8754-48f9-977e-fec892e1f4f2","ts":"2025-12-30T19:31:26.783-05:00","eventName":"n8n.node.finished","message":"n8n.node.finished","payload":{"workflowId":"x5T0iojW1dfc92cb","workflowName":"My workflow","executionId":"7","nodeType":"n8n-nodes-base.httpRequest","nodeName":"HTTP Request","nodeId":"0c92071e-710f-43fe-952f-60e9b7e5ce98"}}
{"__type":"$$EventMessageConfirm","confirm":"2b7f3b93-8754-48f9-977e-fec892e1f4f2","ts":"2025-12-30T19:31:26.784-05:00","source":{"id":"0","name":"eventBus"}}
{"__type":"$$EventMessageNode","id":"9bc1b56e-1aa4-4745-95fb-14dfee96faea","ts":"2025-12-30T19:31:26.784-05:00","eventName":"n8n.node.started","message":"n8n.node.started","payload":{"workflowId":"x5T0iojW1dfc92cb","workflowName":"My workflow","executionId":"7","nodeType":"n8n-nodes-base.code","nodeName":"Code in JavaScript","nodeId":"33bd4e07-6688-419d-9d0c-c4a09cc89ea4"}}
{"__type":"$$EventMessageConfirm","confirm":"9bc1b56e-1aa4-4745-95fb-14dfee96faea","ts":"2025-12-30T19:31:26.784-05:00","source":{"id":"0","name":"eventBus"}}
{"__type":"$$EventMessageRunner","id":"2769395d-a841-4ddb-8b43-dcb4a3eccc98","ts":"2025-12-30T19:31:26.789-05:00","eventName":"n8n.runner.task.requested","message":"n8n.runner.task.requested","payload":{"taskId":"rQadlIpm","nodeId":"33bd4e07-6688-419d-9d0c-c4a09cc89ea4","workflowId":"x5T0iojW1dfc92cb","executionId":"7"}}
{"__type":"$$EventMessageConfirm","confirm":"2769395d-a841-4ddb-8b43-dcb4a3eccc98","ts":"2025-12-30T19:31:26.789-05:00","source":{"id":"0","name":"eventBus"}}
{"__type":"$$EventMessageRunner","id":"5c5ec9ae-cf61-4ac1-bceb-b06eabc82928","ts":"2025-12-30T19:31:26.838-05:00","eventName":"n8n.runner.response.received","message":"n8n.runner.response.received","payload":{"taskId":"rQadlIpm","nodeId":"33bd4e07-6688-419d-9d0c-c4a09cc89ea4","workflowId":"x5T0iojW1dfc92cb","executionId":"7"}}
{"__type":"$$EventMessageConfirm","confirm":"5c5ec9ae-cf61-4ac1-bceb-b06eabc82928","ts":"2025-12-30T19:31:26.838-05:00","source":{"id":"0","name":"eventBus"}}
{"__type":"$$EventMessageNode","id":"9c9af6e4-c41b-4f46-8bcf-5ed2560b0bf2","ts":"2025-12-30T19:31:26.839-05:00","eventName":"n8n.node.finished","message":"n8n.node.finished","payload":{"workflowId":"x5T0iojW1dfc92cb","workflowName":"My workflow","executionId":"7","nodeType":"n8n-nodes-base.code","nodeName":"Code in JavaScript","nodeId":"33bd4e07-6688-419d-9d0c-c4a09cc89ea4"}}
{"__type":"$$EventMessageConfirm","confirm":"9c9af6e4-c41b-4f46-8bcf-5ed2560b0bf2","ts":"2025-12-30T19:31:26.839-05:00","source":{"id":"0","name":"eventBus"}}
{"__type":"$$EventMessageNode","id":"cd14bee9-e5da-49cf-add8-9c0f91eb19a5","ts":"2025-12-30T19:31:26.839-05:00","eventName":"n8n.node.started","message":"n8n.node.started","payload":{"workflowId":"x5T0iojW1dfc92cb","workflowName":"My workflow","executionId":"7","nodeType":"n8n-nodes-base.code","nodeName":"Code in JavaScript1","nodeId":"0b0f2df5-9d70-4f31-877c-3b197150c344"}}
{"__type":"$$EventMessageConfirm","confirm":"cd14bee9-e5da-49cf-add8-9c0f91eb19a5","ts":"2025-12-30T19:31:26.839-05:00","source":{"id":"0","name":"eventBus"}}
{"__type":"$$EventMessageRunner","id":"fa5115c1-83c2-489a-8234-e46c182b582e","ts":"2025-12-30T19:31:26.845-05:00","eventName":"n8n.runner.task.requested","message":"n8n.runner.task.requested","payload":{"taskId":"wdp7EnFs","nodeId":"0b0f2df5-9d70-4f31-877c-3b197150c344","workflowId":"x5T0iojW1dfc92cb","executionId":"7"}}
{"__type":"$$EventMessageConfirm","confirm":"fa5115c1-83c2-489a-8234-e46c182b582e","ts":"2025-12-30T19:31:26.845-05:00","source":{"id":"0","name":"eventBus"}}
{"__type":"$$EventMessageNode","id":"30c0657d-ee89-475b-b8cb-1e89a1041d77","ts":"2025-12-30T19:31:26.853-05:00","eventName":"n8n.node.finished","message":"n8n.node.finished","payload":{"workflowId":"x5T0iojW1dfc92cb","workflowName":"My workflow","executionId":"7","nodeType":"n8n-nodes-base.code","nodeName":"Code in JavaScript1","nodeId":"0b0f2df5-9d70-4f31-877c-3b197150c344"}}
{"__type":"$$EventMessageConfirm","confirm":"30c0657d-ee89-475b-b8cb-1e89a1041d77","ts":"2025-12-30T19:31:26.853-05:00","source":{"id":"0","name":"eventBus"}}
{"__type":"$$EventMessageWorkflow","id":"48299192-7e53-45ab-abce-d0dff5c91a9e","ts":"2025-12-30T19:31:26.854-05:00","eventName":"n8n.workflow.failed","message":"n8n.workflow.failed","payload":{"executionId":"7","success":false,"isManual":false,"workflowId":"x5T0iojW1dfc92cb","workflowName":"My workflow","lastNodeExecuted":"Code in JavaScript1","errorMessage":"Cannot read properties of undefined (reading 'body') [line 6]"}}
{"__type":"$$EventMessageConfirm","confirm":"48299192-7e53-45ab-abce-d0dff5c91a9e","ts":"2025-12-30T19:31:26.854-05:00","source":{"id":"0","name":"eventBus"}}
{"__type":"$$EventMessageAudit","id":"a034f452-1357-48b0-86ae-954f322d65d5","ts":"2025-12-30T19:32:25.277-05:00","eventName":"n8n.audit.workflow.updated","message":"n8n.audit.workflow.updated","payload":{"userId":"78726ac8-1ad3-4f74-8b97-b703a6562dca","_email":"lohit.b@oneorigin.us","_firstName":"lohit","_lastName":"botta","globalRole":"global:owner","workflowId":"x5T0iojW1dfc92cb","workflowName":"My workflow"}}
{"__type":"$$EventMessageConfirm","confirm":"a034f452-1357-48b0-86ae-954f322d65d5","ts":"2025-12-30T19:32:25.277-05:00","source":{"id":"0","name":"eventBus"}}
