{"__type":"$$EventMessageWorkflow","id":"de64a0b9-0538-4adf-8a0b-d4221fb3e3b2","ts":"2025-12-30T21:23:35.640-05:00","eventName":"n8n.workflow.started","message":"n8n.workflow.started","payload":{"executionId":"19","workflowId":"x5T0iojW1dfc92cb","isManual":false,"workflowName":"My workflow"}}
{"__type":"$$EventMessageConfirm","confirm":"de64a0b9-0538-4adf-8a0b-d4221fb3e3b2","ts":"2025-12-30T21:23:35.641-05:00","source":{"id":"0","name":"eventBus"}}
{"__type":"$$EventMessageNode","id":"1a397ad4-aeea-4abd-b917-0d5049a295ec","ts":"2025-12-30T21:23:35.641-05:00","eventName":"n8n.node.started","message":"n8n.node.started","payload":{"workflowId":"x5T0iojW1dfc92cb","workflowName":"My workflow","executionId":"19","nodeType":"n8n-nodes-base.webhook","nodeName":"File Uploaded","nodeId":"85ef8842-4465-428c-a54a-943f9e40962e"}}
{"__type":"$$EventMessageConfirm","confirm":"1a397ad4-aeea-4abd-b917-0d5049a295ec","ts":"2025-12-30T21:23:35.641-05:00","source":{"id":"0","name":"eventBus"}}
{"__type":"$$EventMessageNode","id":"7bf09217-60c4-44d8-a408-6a86eb3cc673","ts":"2025-12-30T21:23:35.642-05:00","eventName":"n8n.node.finished","message":"n8n.node.finished","payload":{"workflowId":"x5T0iojW1dfc92cb","workflowName":"My workflow","executionId":"19","nodeType":"n8n-nodes-base.webhook","nodeName":"File Uploaded","nodeId":"85ef8842-4465-428c-a54a-943f9e40962e"}}
{"__type":"$$EventMessageConfirm","confirm":"7bf09217-60c4-44d8-a408-6a86eb3cc673","ts":"2025-12-30T21:23:35.642-05:00","source":{"id":"0","name":"eventBus"}}
{"__type":"$$EventMessageNode","id":"2ee6f233-1c19-4173-82f8-67c5dd86ffd0","ts":"2025-12-30T21:23:35.642-05:00","eventName":"n8n.node.started","message":"n8n.node.started","payload":{"workflowId":"x5T0iojW1dfc92cb","workflowName":"My workflow","executionId":"19","nodeType":"n8n-nodes-base.httpRequest","nodeName":"HTTP Request","nodeId":"0c92071e-710f-43fe-952f-60e9b7e5ce98"}}
{"__type":"$$EventMessageConfirm","confirm":"2ee6f233-1c19-4173-82f8-67c5dd86ffd0","ts":"2025-12-30T21:23:35.642-05:00","source":{"id":"0","name":"eventBus"}}
{"__type":"$$EventMessageNode","id":"93c48e03-b7be-457c-8879-1364235b0489","ts":"2025-12-30T21:23:35.971-05:00","eventName":"n8n.node.finished","message":"n8n.node.finished","payload":{"workflowId":"x5T0iojW1dfc92cb","workflowName":"My workflow","executionId":"19","nodeType":"n8n-nodes-base.httpRequest","nodeName":"HTTP Request","nodeId":"0c92071e-710f-43fe-952f-60e9b7e5ce98"}}
{"__type":"$$EventMessageConfirm","confirm":"93c48e03-b7be-457c-8879-1364235b0489","ts":"2025-12-30T21:23:35.972-05:00","source":{"id":"0","name":"eventBus"}}
{"__type":"$$EventMessageNode","id":"310e2a44-729d-4365-8eb5-4bd63e9039f7","ts":"2025-12-30T21:23:35.972-05:00","eventName":"n8n.node.started","message":"n8n.node.started","payload":{"workflowId":"x5T0iojW1dfc92cb","workflowName":"My workflow","executionId":"19","nodeType":"n8n-nodes-base.code","nodeName":"Code in JavaScript","nodeId":"33bd4e07-6688-419d-9d0c-c4a09cc89ea4"}}
{"__type":"$$EventMessageConfirm","confirm":"310e2a44-729d-4365-8eb5-4bd63e9039f7","ts":"2025-12-30T21:23:35.972-05:00","source":{"id":"0","name":"eventBus"}}
{"__type":"$$EventMessageRunner","id":"37d7d4b4-9cac-4d0e-9b43-7c8d6e2797fe","ts":"2025-12-30T21:23:35.978-05:00","eventName":"n8n.runner.task.requested","message":"n8n.runner.task.requested","payload":{"taskId":"yvh-Knqu","nodeId":"33bd4e07-6688-419d-9d0c-c4a09cc89ea4","workflowId":"x5T0iojW1dfc92cb","executionId":"19"}}
{"__type":"$$EventMessageConfirm","confirm":"37d7d4b4-9cac-4d0e-9b43-7c8d6e2797fe","ts":"2025-12-30T21:23:35.979-05:00","source":{"id":"0","name":"eventBus"}}
{"__type":"$$EventMessageRunner","id":"917753b3-6379-4c44-98bb-849ba086f4aa","ts":"2025-12-30T21:23:36.037-05:00","eventName":"n8n.runner.response.received","message":"n8n.runner.response.received","payload":{"taskId":"yvh-Knqu","nodeId":"33bd4e07-6688-419d-9d0c-c4a09cc89ea4","workflowId":"x5T0iojW1dfc92cb","executionId":"19"}}
{"__type":"$$EventMessageConfirm","confirm":"917753b3-6379-4c44-98bb-849ba086f4aa","ts":"2025-12-30T21:23:36.037-05:00","source":{"id":"0","name":"eventBus"}}
{"__type":"$$EventMessageNode","id":"a0546195-e70a-454b-b0e3-0adf1b6b6f55","ts":"2025-12-30T21:23:36.037-05:00","eventName":"n8n.node.finished","message":"n8n.node.finished","payload":{"workflowId":"x5T0iojW1dfc92cb","workflowName":"My workflow","executionId":"19","nodeType":"n8n-nodes-base.code","nodeName":"Code in JavaScript","nodeId":"33bd4e07-6688-419d-9d0c-c4a09cc89ea4"}}
{"__type":"$$EventMessageConfirm","confirm":"a0546195-e70a-454b-b0e3-0adf1b6b6f55","ts":"2025-12-30T21:23:36.037-05:00","source":{"id":"0","name":"eventBus"}}
{"__type":"$$EventMessageNode","id":"31195fa1-45a9-43a6-aa09-b6a5346ce6e7","ts":"2025-12-30T21:23:36.037-05:00","eventName":"n8n.node.started","message":"n8n.node.started","payload":{"workflowId":"x5T0iojW1dfc92cb","workflowName":"My workflow","executionId":"19","nodeType":"n8n-nodes-base.code","nodeName":"Code in JavaScript1","nodeId":"0b0f2df5-9d70-4f31-877c-3b197150c344"}}
{"__type":"$$EventMessageConfirm","confirm":"31195fa1-45a9-43a6-aa09-b6a5346ce6e7","ts":"2025-12-30T21:23:36.037-05:00","source":{"id":"0","name":"eventBus"}}
{"__type":"$$EventMessageRunner","id":"977ebbd9-46dd-470e-975b-056095c88775","ts":"2025-12-30T21:23:36.038-05:00","eventName":"n8n.runner.task.requested","message":"n8n.runner.task.requested","payload":{"taskId":"HswfJjAK","nodeId":"0b0f2df5-9d70-4f31-877c-3b197150c344","workflowId":"x5T0iojW1dfc92cb","executionId":"19"}}
{"__type":"$$EventMessageConfirm","confirm":"977ebbd9-46dd-470e-975b-056095c88775","ts":"2025-12-30T21:23:36.038-05:00","source":{"id":"0","name":"eventBus"}}
{"__type":"$$EventMessageRunner","id":"55dc6da5-6342-40d2-8610-0d393f5366f4","ts":"2025-12-30T21:23:36.044-05:00","eventName":"n8n.runner.response.received","message":"n8n.runner.response.received","payload":{"taskId":"HswfJjAK","nodeId":"0b0f2df5-9d70-4f31-877c-3b197150c344","workflowId":"x5T0iojW1dfc92cb","executionId":"19"}}
{"__type":"$$EventMessageConfirm","confirm":"55dc6da5-6342-40d2-8610-0d393f5366f4","ts":"2025-12-30T21:23:36.044-05:00","source":{"id":"0","name":"eventBus"}}
{"__type":"$$EventMessageNode","id":"eb84ee58-e98c-4124-a6bc-c086fb0ee3ff","ts":"2025-12-30T21:23:36.044-05:00","eventName":"n8n.node.finished","message":"n8n.node.finished","payload":{"workflowId":"x5T0iojW1dfc92cb","workflowName":"My workflow","executionId":"19","nodeType":"n8n-nodes-base.code","nodeName":"Code in JavaScript1","nodeId":"0b0f2df5-9d70-4f31-877c-3b197150c344"}}
{"__type":"$$EventMessageConfirm","confirm":"eb84ee58-e98c-4124-a6bc-c086fb0ee3ff","ts":"2025-12-30T21:23:36.044-05:00","source":{"id":"0","name":"eventBus"}}
{"__type":"$$EventMessageNode","id":"7067d00c-2b7d-4eae-9134-6c88575e3e92","ts":"2025-12-30T21:23:36.044-05:00","eventName":"n8n.node.started","message":"n8n.node.started","payload":{"workflowId":"x5T0iojW1dfc92cb","workflowName":"My workflow","executionId":"19","nodeType":"n8n-nodes-base.httpRequest","nodeName":"HTTP Request1","nodeId":"2b19f6dd-6752-4804-a908-7762e264d80d"}}
{"__type":"$$EventMessageConfirm","confirm":"7067d00c-2b7d-4eae-9134-6c88575e3e92","ts":"2025-12-30T21:23:36.044-05:00","source":{"id":"0","name":"eventBus"}}
{"__type":"$$EventMessageNode","id":"c05703ff-4cd4-4d54-8c18-7c92b023a08d","ts":"2025-12-30T21:23:36.252-05:00","eventName":"n8n.node.finished","message":"n8n.node.finished","payload":{"workflowId":"x5T0iojW1dfc92cb","workflowName":"My workflow","executionId":"19","nodeType":"n8n-nodes-base.httpRequest","nodeName":"HTTP Request1","nodeId":"2b19f6dd-6752-4804-a908-7762e264d80d"}}
{"__type":"$$EventMessageConfirm","confirm":"c05703ff-4cd4-4d54-8c18-7c92b023a08d","ts":"2025-12-30T21:23:36.252-05:00","source":{"id":"0","name":"eventBus"}}
{"__type":"$$EventMessageNode","id":"1099021e-de45-4118-8af6-3aa1d6a5432f","ts":"2025-12-30T21:23:36.252-05:00","eventName":"n8n.node.started","message":"n8n.node.started","payload":{"workflowId":"x5T0iojW1dfc92cb","workflowName":"My workflow","executionId":"19","nodeType":"n8n-nodes-base.httpRequest","nodeName":"HTTP Request2","nodeId":"6d3fe4e8-3869-4f69-984d-9e1de35f4bd0"}}
{"__type":"$$EventMessageConfirm","confirm":"1099021e-de45-4118-8af6-3aa1d6a5432f","ts":"2025-12-30T21:23:36.252-05:00","source":{"id":"0","name":"eventBus"}}
{"__type":"$$EventMessageNode","id":"0945eaef-adb4-4e5f-b337-9bd6ab97e2df","ts":"2025-12-30T21:23:36.471-05:00","eventName":"n8n.node.finished","message":"n8n.node.finished","payload":{"workflowId":"x5T0iojW1dfc92cb","workflowName":"My workflow","executionId":"19","nodeType":"n8n-nodes-base.httpRequest","nodeName":"HTTP Request2","nodeId":"6d3fe4e8-3869-4f69-984d-9e1de35f4bd0"}}
{"__type":"$$EventMessageConfirm","confirm":"0945eaef-adb4-4e5f-b337-9bd6ab97e2df","ts":"2025-12-30T21:23:36.471-05:00","source":{"id":"0","name":"eventBus"}}
{"__type":"$$EventMessageWorkflow","id":"a9d9fac3-f368-4179-85c6-f60f8011ebed","ts":"2025-12-30T21:23:36.472-05:00","eventName":"n8n.workflow.failed","message":"n8n.workflow.failed","payload":{"executionId":"19","success":false,"isManual":false,"workflowId":"x5T0iojW1dfc92cb","workflowName":"My workflow","lastNodeExecuted":"HTTP Request2","errorNodeType":"n8n-nodes-base.httpRequest","errorMessage":"The service was not able to process your request"}}
{"__type":"$$EventMessageConfirm","confirm":"a9d9fac3-f368-4179-85c6-f60f8011ebed","ts":"2025-12-30T21:23:36.472-05:00","source":{"id":"0","name":"eventBus"}}
{"__type":"$$EventMessageWorkflow","id":"9a11893f-76f8-49d3-a4d3-89622f39be3d","ts":"2025-12-30T21:25:15.903-05:00","eventName":"n8n.workflow.started","message":"n8n.workflow.started","payload":{"executionId":"20","workflowId":"x5T0iojW1dfc92cb","isManual":false,"workflowName":"My workflow"}}
{"__type":"$$EventMessageConfirm","confirm":"9a11893f-76f8-49d3-a4d3-89622f39be3d","ts":"2025-12-30T21:25:15.903-05:00","source":{"id":"0","name":"eventBus"}}
{"__type":"$$EventMessageNode","id":"4b1d5456-327c-4881-a888-8c0feb003c3a","ts":"2025-12-30T21:25:15.903-05:00","eventName":"n8n.node.started","message":"n8n.node.started","payload":{"workflowId":"x5T0iojW1dfc92cb","workflowName":"My workflow","executionId":"20","nodeType":"n8n-nodes-base.webhook","nodeName":"File Uploaded","nodeId":"85ef8842-4465-428c-a54a-943f9e40962e"}}
{"__type":"$$EventMessageConfirm","confirm":"4b1d5456-327c-4881-a888-8c0feb003c3a","ts":"2025-12-30T21:25:15.903-05:00","source":{"id":"0","name":"eventBus"}}
{"__type":"$$EventMessageNode","id":"de2b1fe7-6eb3-47a4-adbb-c9d6acdaa355","ts":"2025-12-30T21:25:15.904-05:00","eventName":"n8n.node.finished","message":"n8n.node.finished","payload":{"workflowId":"x5T0iojW1dfc92cb","workflowName":"My workflow","executionId":"20","nodeType":"n8n-nodes-base.webhook","nodeName":"File Uploaded","nodeId":"85ef8842-4465-428c-a54a-943f9e40962e"}}
{"__type":"$$EventMessageConfirm","confirm":"de2b1fe7-6eb3-47a4-adbb-c9d6acdaa355","ts":"2025-12-30T21:25:15.904-05:00","source":{"id":"0","name":"eventBus"}}
{"__type":"$$EventMessageNode","id":"f17a7e8b-3a1f-4e51-af49-ab894a9eb692","ts":"2025-12-30T21:25:15.905-05:00","eventName":"n8n.node.started","message":"n8n.node.started","payload":{"workflowId":"x5T0iojW1dfc92cb","workflowName":"My workflow","executionId":"20","nodeType":"n8n-nodes-base.httpRequest","nodeName":"HTTP Request","nodeId":"0c92071e-710f-43fe-952f-60e9b7e5ce98"}}
{"__type":"$$EventMessageConfirm","confirm":"f17a7e8b-3a1f-4e51-af49-ab894a9eb692","ts":"2025-12-30T21:25:15.905-05:00","source":{"id":"0","name":"eventBus"}}
{"__type":"$$EventMessageNode","id":"4852d9c8-f107-4056-8e93-ce5c6caec4e9","ts":"2025-12-30T21:25:16.137-05:00","eventName":"n8n.node.finished","message":"n8n.node.finished","payload":{"workflowId":"x5T0iojW1dfc92cb","workflowName":"My workflow","executionId":"20","nodeType":"n8n-nodes-base.httpRequest","nodeName":"HTTP Request","nodeId":"0c92071e-710f-43fe-952f-60e9b7e5ce98"}}
{"__type":"$$EventMessageConfirm","confirm":"4852d9c8-f107-4056-8e93-ce5c6caec4e9","ts":"2025-12-30T21:25:16.138-05:00","source":{"id":"0","name":"eventBus"}}
{"__type":"$$EventMessageNode","id":"17a4382f-fe06-4118-bcba-90c5a7fef878","ts":"2025-12-30T21:25:16.138-05:00","eventName":"n8n.node.started","message":"n8n.node.started","payload":{"workflowId":"x5T0iojW1dfc92cb","workflowName":"My workflow","executionId":"20","nodeType":"n8n-nodes-base.code","nodeName":"Code in JavaScript","nodeId":"33bd4e07-6688-419d-9d0c-c4a09cc89ea4"}}
{"__type":"$$EventMessageConfirm","confirm":"17a4382f-fe06-4118-bcba-90c5a7fef878","ts":"2025-12-30T21:25:16.138-05:00","source":{"id":"0","name":"eventBus"}}
{"__type":"$$EventMessageRunner","id":"42733c5a-542c-4add-817d-899d1b5b9545","ts":"2025-12-30T21:25:16.142-05:00","eventName":"n8n.runner.task.requested","message":"n8n.runner.task.requested","payload":{"taskId":"yPbzUXtg","nodeId":"33bd4e07-6688-419d-9d0c-c4a09cc89ea4","workflowId":"x5T0iojW1dfc92cb","executionId":"20"}}
{"__type":"$$EventMessageConfirm","confirm":"42733c5a-542c-4add-817d-899d1b5b9545","ts":"2025-12-30T21:25:16.142-05:00","source":{"id":"0","name":"eventBus"}}
{"__type":"$$EventMessageRunner","id":"47bf5a65-f060-4038-b14c-813b538e85bd","ts":"2025-12-30T21:25:16.160-05:00","eventName":"n8n.runner.response.received","message":"n8n.runner.response.received","payload":{"taskId":"yPbzUXtg","nodeId":"33bd4e07-6688-419d-9d0c-c4a09cc89ea4","workflowId":"x5T0iojW1dfc92cb","executionId":"20"}}
{"__type":"$$EventMessageConfirm","confirm":"47bf5a65-f060-4038-b14c-813b538e85bd","ts":"2025-12-30T21:25:16.160-05:00","source":{"id":"0","name":"eventBus"}}
{"__type":"$$EventMessageNode","id":"ee418881-0fba-48b9-ac7d-50062ca4545f","ts":"2025-12-30T21:25:16.161-05:00","eventName":"n8n.node.finished","message":"n8n.node.finished","payload":{"workflowId":"x5T0iojW1dfc92cb","workflowName":"My workflow","executionId":"20","nodeType":"n8n-nodes-base.code","nodeName":"Code in JavaScript","nodeId":"33bd4e07-6688-419d-9d0c-c4a09cc89ea4"}}
{"__type":"$$EventMessageConfirm","confirm":"ee418881-0fba-48b9-ac7d-50062ca4545f","ts":"2025-12-30T21:25:16.161-05:00","source":{"id":"0","name":"eventBus"}}
{"__type":"$$EventMessageNode","id":"86c0cf5b-cc38-47a0-b2e6-20ff789c2db0","ts":"2025-12-30T21:25:16.161-05:00","eventName":"n8n.node.started","message":"n8n.node.started","payload":{"workflowId":"x5T0iojW1dfc92cb","workflowName":"My workflow","executionId":"20","nodeType":"n8n-nodes-base.code","nodeName":"Code in JavaScript1","nodeId":"0b0f2df5-9d70-4f31-877c-3b197150c344"}}
{"__type":"$$EventMessageConfirm","confirm":"86c0cf5b-cc38-47a0-b2e6-20ff789c2db0","ts":"2025-12-30T21:25:16.161-05:00","source":{"id":"0","name":"eventBus"}}
{"__type":"$$EventMessageRunner","id":"008a99e0-f551-4b9b-9f67-aaec7ccdb8f8","ts":"2025-12-30T21:25:16.166-05:00","eventName":"n8n.runner.task.requested","message":"n8n.runner.task.requested","payload":{"taskId":"v9uyf9oL","nodeId":"0b0f2df5-9d70-4f31-877c-3b197150c344","workflowId":"x5T0iojW1dfc92cb","executionId":"20"}}
{"__type":"$$EventMessageConfirm","confirm":"008a99e0-f551-4b9b-9f67-aaec7ccdb8f8","ts":"2025-12-30T21:25:16.166-05:00","source":{"id":"0","name":"eventBus"}}
{"__type":"$$EventMessageRunner","id":"6b25cb80-2ba8-44ff-a971-e1031652785d","ts":"2025-12-30T21:25:16.171-05:00","eventName":"n8n.runner.response.received","message":"n8n.runner.response.received","payload":{"taskId":"v9uyf9oL","nodeId":"0b0f2df5-9d70-4f31-877c-3b197150c344","workflowId":"x5T0iojW1dfc92cb","executionId":"20"}}
{"__type":"$$EventMessageConfirm","confirm":"6b25cb80-2ba8-44ff-a971-e1031652785d","ts":"2025-12-30T21:25:16.171-05:00","source":{"id":"0","name":"eventBus"}}
{"__type":"$$EventMessageNode","id":"36c763ee-1b3d-4051-b617-6efb8a35a76f","ts":"2025-12-30T21:25:16.171-05:00","eventName":"n8n.node.finished","message":"n8n.node.finished","payload":{"workflowId":"x5T0iojW1dfc92cb","workflowName":"My workflow","executionId":"20","nodeType":"n8n-nodes-base.code","nodeName":"Code in JavaScript1","nodeId":"0b0f2df5-9d70-4f31-877c-3b197150c344"}}
{"__type":"$$EventMessageConfirm","confirm":"36c763ee-1b3d-4051-b617-6efb8a35a76f","ts":"2025-12-30T21:25:16.171-05:00","source":{"id":"0","name":"eventBus"}}
{"__type":"$$EventMessageNode","id":"0e0d7a4a-3a4a-4017-8a1f-36654cb1dc46","ts":"2025-12-30T21:25:16.171-05:00","eventName":"n8n.node.started","message":"n8n.node.started","payload":{"workflowId":"x5T0iojW1dfc92cb","workflowName":"My workflow","executionId":"20","nodeType":"n8n-nodes-base.httpRequest","nodeName":"HTTP Request1","nodeId":"2b19f6dd-6752-4804-a908-7762e264d80d"}}
{"__type":"$$EventMessageConfirm","confirm":"0e0d7a4a-3a4a-4017-8a1f-36654cb1dc46","ts":"2025-12-30T21:25:16.171-05:00","source":{"id":"0","name":"eventBus"}}
{"__type":"$$EventMessageNode","id":"2b04e313-1f87-4a93-b923-f1624790ab7b","ts":"2025-12-30T21:25:16.380-05:00","eventName":"n8n.node.finished","message":"n8n.node.finished","payload":{"workflowId":"x5T0iojW1dfc92cb","workflowName":"My workflow","executionId":"20","nodeType":"n8n-nodes-base.httpRequest","nodeName":"HTTP Request1","nodeId":"2b19f6dd-6752-4804-a908-7762e264d80d"}}
{"__type":"$$EventMessageConfirm","confirm":"2b04e313-1f87-4a93-b923-f1624790ab7b","ts":"2025-12-30T21:25:16.381-05:00","source":{"id":"0","name":"eventBus"}}
{"__type":"$$EventMessageNode","id":"d7f6a8a1-04be-4d74-9eed-a67fe801ab3d","ts":"2025-12-30T21:25:16.381-05:00","eventName":"n8n.node.started","message":"n8n.node.started","payload":{"workflowId":"x5T0iojW1dfc92cb","workflowName":"My workflow","executionId":"20","nodeType":"n8n-nodes-base.httpRequest","nodeName":"HTTP Request2","nodeId":"6d3fe4e8-3869-4f69-984d-9e1de35f4bd0"}}
{"__type":"$$EventMessageConfirm","confirm":"d7f6a8a1-04be-4d74-9eed-a67fe801ab3d","ts":"2025-12-30T21:25:16.381-05:00","source":{"id":"0","name":"eventBus"}}
{"__type":"$$EventMessageNode","id":"4e234101-d5db-4313-a8ce-b74f612b18bd","ts":"2025-12-30T21:25:16.828-05:00","eventName":"n8n.node.finished","message":"n8n.node.finished","payload":{"workflowId":"x5T0iojW1dfc92cb","workflowName":"My workflow","executionId":"20","nodeType":"n8n-nodes-base.httpRequest","nodeName":"HTTP Request2","nodeId":"6d3fe4e8-3869-4f69-984d-9e1de35f4bd0"}}
{"__type":"$$EventMessageConfirm","confirm":"4e234101-d5db-4313-a8ce-b74f612b18bd","ts":"2025-12-30T21:25:16.828-05:00","source":{"id":"0","name":"eventBus"}}
{"__type":"$$EventMessageWorkflow","id":"3dc67e1a-5799-4d37-b8ca-f7e6ca76ee15","ts":"2025-12-30T21:25:16.829-05:00","eventName":"n8n.workflow.success","message":"n8n.workflow.success","payload":{"executionId":"20","success":true,"isManual":false,"workflowId":"x5T0iojW1dfc92cb","workflowName":"My workflow"}}
{"__type":"$$EventMessageConfirm","confirm":"3dc67e1a-5799-4d37-b8ca-f7e6ca76ee15","ts":"2025-12-30T21:25:16.829-05:00","source":{"id":"0","name":"eventBus"}}
