{"__type":"$$EventMessageWorkflow","id":"5667c144-590e-4d0e-8536-130e9aae043b","ts":"2025-12-30T19:45:07.089-05:00","eventName":"n8n.workflow.started","message":"n8n.workflow.started","payload":{"executionId":"9","workflowId":"x5T0iojW1dfc92cb","isManual":false,"workflowName":"My workflow"}}
{"__type":"$$EventMessageConfirm","confirm":"5667c144-590e-4d0e-8536-130e9aae043b","ts":"2025-12-30T19:45:07.089-05:00","source":{"id":"0","name":"eventBus"}}
{"__type":"$$EventMessageNode","id":"cbce2c3d-88cf-493b-bee9-e30f4a2255ff","ts":"2025-12-30T19:45:07.090-05:00","eventName":"n8n.node.started","message":"n8n.node.started","payload":{"workflowId":"x5T0iojW1dfc92cb","workflowName":"My workflow","executionId":"9","nodeType":"n8n-nodes-base.webhook","nodeName":"File Uploaded","nodeId":"85ef8842-4465-428c-a54a-943f9e40962e"}}
{"__type":"$$EventMessageConfirm","confirm":"cbce2c3d-88cf-493b-bee9-e30f4a2255ff","ts":"2025-12-30T19:45:07.090-05:00","source":{"id":"0","name":"eventBus"}}
{"__type":"$$EventMessageNode","id":"44bffeaf-3681-451c-bc85-3e1c3e1c449b","ts":"2025-12-30T19:45:07.090-05:00","eventName":"n8n.node.finished","message":"n8n.node.finished","payload":{"workflowId":"x5T0iojW1dfc92cb","workflowName":"My workflow","executionId":"9","nodeType":"n8n-nodes-base.webhook","nodeName":"File Uploaded","nodeId":"85ef8842-4465-428c-a54a-943f9e40962e"}}
{"__type":"$$EventMessageConfirm","confirm":"44bffeaf-3681-451c-bc85-3e1c3e1c449b","ts":"2025-12-30T19:45:07.091-05:00","source":{"id":"0","name":"eventBus"}}
{"__type":"$$EventMessageNode","id":"fd420756-a0ba-46b0-a2ef-aa4ec950f835","ts":"2025-12-30T19:45:07.091-05:00","eventName":"n8n.node.started","message":"n8n.node.started","payload":{"workflowId":"x5T0iojW1dfc92cb","workflowName":"My workflow","executionId":"9","nodeType":"n8n-nodes-base.httpRequest","nodeName":"HTTP Request","nodeId":"0c92071e-710f-43fe-952f-60e9b7e5ce98"}}
{"__type":"$$EventMessageConfirm","confirm":"fd420756-a0ba-46b0-a2ef-aa4ec950f835","ts":"2025-12-30T19:45:07.091-05:00","source":{"id":"0","name":"eventBus"}}
{"__type":"$$EventMessageNode","id":"6f605d22-0ee4-468c-a028-1d85b2a8b979","ts":"2025-12-30T19:45:07.310-05:00","eventName":"n8n.node.finished","message":"n8n.node.finished","payload":{"workflowId":"x5T0iojW1dfc92cb","workflowName":"My workflow","executionId":"9","nodeType":"n8n-nodes-base.httpRequest","nodeName":"HTTP Request","nodeId":"0c92071e-710f-43fe-952f-60e9b7e5ce98"}}
{"__type":"$$EventMessageConfirm","confirm":"6f605d22-0ee4-468c-a028-1d85b2a8b979","ts":"2025-12-30T19:45:07.311-05:00","source":{"id":"0","name":"eventBus"}}
{"__type":"$$EventMessageNode","id":"2270e8ac-b06b-4288-88dc-6b383988f9ca","ts":"2025-12-30T19:45:07.311-05:00","eventName":"n8n.node.started","message":"n8n.node.started","payload":{"workflowId":"x5T0iojW1dfc92cb","workflowName":"My workflow","executionId":"9","nodeType":"n8n-nodes-base.code","nodeName":"Code in JavaScript","nodeId":"33bd4e07-6688-419d-9d0c-c4a09cc89ea4"}}
{"__type":"$$EventMessageConfirm","confirm":"2270e8ac-b06b-4288-88dc-6b383988f9ca","ts":"2025-12-30T19:45:07.311-05:00","source":{"id":"0","name":"eventBus"}}
{"__type":"$$EventMessageRunner","id":"87e0c4ed-ea45-47ae-8f3b-07f45a301c95","ts":"2025-12-30T19:45:07.316-05:00","eventName":"n8n.runner.task.requested","message":"n8n.runner.task.requested","payload":{"taskId":"c0StLF49","nodeId":"33bd4e07-6688-419d-9d0c-c4a09cc89ea4","workflowId":"x5T0iojW1dfc92cb","executionId":"9"}}
{"__type":"$$EventMessageConfirm","confirm":"87e0c4ed-ea45-47ae-8f3b-07f45a301c95","ts":"2025-12-30T19:45:07.316-05:00","source":{"id":"0","name":"eventBus"}}
{"__type":"$$EventMessageRunner","id":"ddcd4760-89e4-4d7b-8f9c-753788377c7b","ts":"2025-12-30T19:45:07.356-05:00","eventName":"n8n.runner.response.received","message":"n8n.runner.response.received","payload":{"taskId":"c0StLF49","nodeId":"33bd4e07-6688-419d-9d0c-c4a09cc89ea4","workflowId":"x5T0iojW1dfc92cb","executionId":"9"}}
{"__type":"$$EventMessageConfirm","confirm":"ddcd4760-89e4-4d7b-8f9c-753788377c7b","ts":"2025-12-30T19:45:07.356-05:00","source":{"id":"0","name":"eventBus"}}
{"__type":"$$EventMessageNode","id":"3711029b-7844-4238-97ce-6594119b03fb","ts":"2025-12-30T19:45:07.357-05:00","eventName":"n8n.node.finished","message":"n8n.node.finished","payload":{"workflowId":"x5T0iojW1dfc92cb","workflowName":"My workflow","executionId":"9","nodeType":"n8n-nodes-base.code","nodeName":"Code in JavaScript","nodeId":"33bd4e07-6688-419d-9d0c-c4a09cc89ea4"}}
{"__type":"$$EventMessageConfirm","confirm":"3711029b-7844-4238-97ce-6594119b03fb","ts":"2025-12-30T19:45:07.357-05:00","source":{"id":"0","name":"eventBus"}}
{"__type":"$$EventMessageNode","id":"4086f854-bcc2-45eb-83de-41fc4c7ea71b","ts":"2025-12-30T19:45:07.357-05:00","eventName":"n8n.node.started","message":"n8n.node.started","payload":{"workflowId":"x5T0iojW1dfc92cb","workflowName":"My workflow","executionId":"9","nodeType":"n8n-nodes-base.code","nodeName":"Code in JavaScript1","nodeId":"0b0f2df5-9d70-4f31-877c-3b197150c344"}}
{"__type":"$$EventMessageConfirm","confirm":"4086f854-bcc2-45eb-83de-41fc4c7ea71b","ts":"2025-12-30T19:45:07.357-05:00","source":{"id":"0","name":"eventBus"}}
{"__type":"$$EventMessageRunner","id":"73d59fde-4483-45e4-a7f0-7b26a8ce0342","ts":"2025-12-30T19:45:07.359-05:00","eventName":"n8n.runner.task.requested","message":"n8n.runner.task.requested","payload":{"taskId":"B77pklCw","nodeId":"0b0f2df5-9d70-4f31-877c-3b197150c344","workflowId":"x5T0iojW1dfc92cb","executionId":"9"}}
{"__type":"$$EventMessageConfirm","confirm":"73d59fde-4483-45e4-a7f0-7b26a8ce0342","ts":"2025-12-30T19:45:07.360-05:00","source":{"id":"0","name":"eventBus"}}
{"__type":"$$EventMessageRunner","id":"bc33d572-f5ac-4cfe-95bc-3ccd3ffcab6b","ts":"2025-12-30T19:45:07.367-05:00","eventName":"n8n.runner.response.received","message":"n8n.runner.response.received","payload":{"taskId":"B77pklCw","nodeId":"0b0f2df5-9d70-4f31-877c-3b197150c344","workflowId":"x5T0iojW1dfc92cb","executionId":"9"}}
{"__type":"$$EventMessageConfirm","confirm":"bc33d572-f5ac-4cfe-95bc-3ccd3ffcab6b","ts":"2025-12-30T19:45:07.367-05:00","source":{"id":"0","name":"eventBus"}}
{"__type":"$$EventMessageNode","id":"5f0a1bfd-783d-498b-8c41-42653c2e706c","ts":"2025-12-30T19:45:07.367-05:00","eventName":"n8n.node.finished","message":"n8n.node.finished","payload":{"workflowId":"x5T0iojW1dfc92cb","workflowName":"My workflow","executionId":"9","nodeType":"n8n-nodes-base.code","nodeName":"Code in JavaScript1","nodeId":"0b0f2df5-9d70-4f31-877c-3b197150c344"}}
{"__type":"$$EventMessageConfirm","confirm":"5f0a1bfd-783d-498b-8c41-42653c2e706c","ts":"2025-12-30T19:45:07.367-05:00","source":{"id":"0","name":"eventBus"}}
{"__type":"$$EventMessageNode","id":"ca7ba4ee-b7ca-48f9-abf7-d98c1437a43f","ts":"2025-12-30T19:45:07.367-05:00","eventName":"n8n.node.started","message":"n8n.node.started","payload":{"workflowId":"x5T0iojW1dfc92cb","workflowName":"My workflow","executionId":"9","nodeType":"n8n-nodes-base.httpRequest","nodeName":"HTTP Request1","nodeId":"2b19f6dd-6752-4804-a908-7762e264d80d"}}
{"__type":"$$EventMessageConfirm","confirm":"ca7ba4ee-b7ca-48f9-abf7-d98c1437a43f","ts":"2025-12-30T19:45:07.367-05:00","source":{"id":"0","name":"eventBus"}}
{"__type":"$$EventMessageNode","id":"ace17a32-bce0-48c4-a1b4-9fa98a6a4829","ts":"2025-12-30T19:45:07.583-05:00","eventName":"n8n.node.finished","message":"n8n.node.finished","payload":{"workflowId":"x5T0iojW1dfc92cb","workflowName":"My workflow","executionId":"9","nodeType":"n8n-nodes-base.httpRequest","nodeName":"HTTP Request1","nodeId":"2b19f6dd-6752-4804-a908-7762e264d80d"}}
{"__type":"$$EventMessageConfirm","confirm":"ace17a32-bce0-48c4-a1b4-9fa98a6a4829","ts":"2025-12-30T19:45:07.583-05:00","source":{"id":"0","name":"eventBus"}}
{"__type":"$$EventMessageWorkflow","id":"2c73aa91-1066-441a-8c1a-aa50edf41aeb","ts":"2025-12-30T19:45:07.584-05:00","eventName":"n8n.workflow.failed","message":"n8n.workflow.failed","payload":{"executionId":"9","success":false,"isManual":false,"workflowId":"x5T0iojW1dfc92cb","workflowName":"My workflow","lastNodeExecuted":"HTTP Request1","errorNodeType":"n8n-nodes-base.httpRequest","errorMessage":"Bad request - please check your parameters"}}
{"__type":"$$EventMessageConfirm","confirm":"2c73aa91-1066-441a-8c1a-aa50edf41aeb","ts":"2025-12-30T19:45:07.584-05:00","source":{"id":"0","name":"eventBus"}}
{"__type":"$$EventMessageAudit","id":"c5c8ef4f-ff04-4dcf-b078-f74995c5afd6","ts":"2025-12-30T19:47:17.508-05:00","eventName":"n8n.audit.workflow.updated","message":"n8n.audit.workflow.updated","payload":{"userId":"78726ac8-1ad3-4f74-8b97-b703a6562dca","_email":"lohit.b@oneorigin.us","_firstName":"lohit","_lastName":"botta","globalRole":"global:owner","workflowId":"x5T0iojW1dfc92cb","workflowName":"My workflow"}}
{"__type":"$$EventMessageConfirm","confirm":"c5c8ef4f-ff04-4dcf-b078-f74995c5afd6","ts":"2025-12-30T19:47:17.508-05:00","source":{"id":"0","name":"eventBus"}}
{"__type":"$$EventMessageWorkflow","id":"537e23e1-4cb1-4ecf-a62f-3d94f77094cb","ts":"2025-12-30T19:47:45.693-05:00","eventName":"n8n.workflow.started","message":"n8n.workflow.started","payload":{"executionId":"10","workflowId":"x5T0iojW1dfc92cb","isManual":false,"workflowName":"My workflow"}}
{"__type":"$$EventMessageConfirm","confirm":"537e23e1-4cb1-4ecf-a62f-3d94f77094cb","ts":"2025-12-30T19:47:45.694-05:00","source":{"id":"0","name":"eventBus"}}
{"__type":"$$EventMessageNode","id":"3a2581b9-dfff-4b59-aba8-686cfda8400b","ts":"2025-12-30T19:47:45.694-05:00","eventName":"n8n.node.started","message":"n8n.node.started","payload":{"workflowId":"x5T0iojW1dfc92cb","workflowName":"My workflow","executionId":"10","nodeType":"n8n-nodes-base.webhook","nodeName":"File Uploaded","nodeId":"85ef8842-4465-428c-a54a-943f9e40962e"}}
{"__type":"$$EventMessageConfirm","confirm":"3a2581b9-dfff-4b59-aba8-686cfda8400b","ts":"2025-12-30T19:47:45.694-05:00","source":{"id":"0","name":"eventBus"}}
{"__type":"$$EventMessageNode","id":"997c956c-3ab8-44b3-b1eb-48c71d445de9","ts":"2025-12-30T19:47:45.695-05:00","eventName":"n8n.node.finished","message":"n8n.node.finished","payload":{"workflowId":"x5T0iojW1dfc92cb","workflowName":"My workflow","executionId":"10","nodeType":"n8n-nodes-base.webhook","nodeName":"File Uploaded","nodeId":"85ef8842-4465-428c-a54a-943f9e40962e"}}
{"__type":"$$EventMessageConfirm","confirm":"997c956c-3ab8-44b3-b1eb-48c71d445de9","ts":"2025-12-30T19:47:45.695-05:00","source":{"id":"0","name":"eventBus"}}
{"__type":"$$EventMessageNode","id":"a816f546-70cc-4564-be4e-d44a7c1da920","ts":"2025-12-30T19:47:45.695-05:00","eventName":"n8n.node.started","message":"n8n.node.started","payload":{"workflowId":"x5T0iojW1dfc92cb","workflowName":"My workflow","executionId":"10","nodeType":"n8n-nodes-base.httpRequest","nodeName":"HTTP Request","nodeId":"0c92071e-710f-43fe-952f-60e9b7e5ce98"}}
{"__type":"$$EventMessageConfirm","confirm":"a816f546-70cc-4564-be4e-d44a7c1da920","ts":"2025-12-30T19:47:45.695-05:00","source":{"id":"0","name":"eventBus"}}
{"__type":"$$EventMessageNode","id":"83f18833-94c4-470d-9f40-544f69674d20","ts":"2025-12-30T19:47:45.878-05:00","eventName":"n8n.node.finished","message":"n8n.node.finished","payload":{"workflowId":"x5T0iojW1dfc92cb","workflowName":"My workflow","executionId":"10","nodeType":"n8n-nodes-base.httpRequest","nodeName":"HTTP Request","nodeId":"0c92071e-710f-43fe-952f-60e9b7e5ce98"}}
{"__type":"$$EventMessageConfirm","confirm":"83f18833-94c4-470d-9f40-544f69674d20","ts":"2025-12-30T19:47:45.878-05:00","source":{"id":"0","name":"eventBus"}}
{"__type":"$$EventMessageNode","id":"0af1b22c-8e18-48d5-a0d2-7bb6df783f28","ts":"2025-12-30T19:47:45.880-05:00","eventName":"n8n.node.started","message":"n8n.node.started","payload":{"workflowId":"x5T0iojW1dfc92cb","workflowName":"My workflow","executionId":"10","nodeType":"n8n-nodes-base.code","nodeName":"Code in JavaScript","nodeId":"33bd4e07-6688-419d-9d0c-c4a09cc89ea4"}}
{"__type":"$$EventMessageConfirm","confirm":"0af1b22c-8e18-48d5-a0d2-7bb6df783f28","ts":"2025-12-30T19:47:45.880-05:00","source":{"id":"0","name":"eventBus"}}
{"__type":"$$EventMessageRunner","id":"3d8be666-d1ab-4ce2-b9b0-b19387bfc4a1","ts":"2025-12-30T19:47:45.882-05:00","eventName":"n8n.runner.task.requested","message":"n8n.runner.task.requested","payload":{"taskId":"k_I_CVvB","nodeId":"33bd4e07-6688-419d-9d0c-c4a09cc89ea4","workflowId":"x5T0iojW1dfc92cb","executionId":"10"}}
{"__type":"$$EventMessageConfirm","confirm":"3d8be666-d1ab-4ce2-b9b0-b19387bfc4a1","ts":"2025-12-30T19:47:45.882-05:00","source":{"id":"0","name":"eventBus"}}
{"__type":"$$EventMessageRunner","id":"dceaecb1-1f69-4c13-bd70-453d2d65069c","ts":"2025-12-30T19:47:45.893-05:00","eventName":"n8n.runner.response.received","message":"n8n.runner.response.received","payload":{"taskId":"k_I_CVvB","nodeId":"33bd4e07-6688-419d-9d0c-c4a09cc89ea4","workflowId":"x5T0iojW1dfc92cb","executionId":"10"}}
{"__type":"$$EventMessageConfirm","confirm":"dceaecb1-1f69-4c13-bd70-453d2d65069c","ts":"2025-12-30T19:47:45.893-05:00","source":{"id":"0","name":"eventBus"}}
{"__type":"$$EventMessageNode","id":"3399762b-8cb9-4cfe-b651-59d69218232f","ts":"2025-12-30T19:47:45.894-05:00","eventName":"n8n.node.finished","message":"n8n.node.finished","payload":{"workflowId":"x5T0iojW1dfc92cb","workflowName":"My workflow","executionId":"10","nodeType":"n8n-nodes-base.code","nodeName":"Code in JavaScript","nodeId":"33bd4e07-6688-419d-9d0c-c4a09cc89ea4"}}
{"__type":"$$EventMessageConfirm","confirm":"3399762b-8cb9-4cfe-b651-59d69218232f","ts":"2025-12-30T19:47:45.894-05:00","source":{"id":"0","name":"eventBus"}}
{"__type":"$$EventMessageNode","id":"334693b6-1946-4162-bc0c-e48be344fdcf","ts":"2025-12-30T19:47:45.894-05:00","eventName":"n8n.node.started","message":"n8n.node.started","payload":{"workflowId":"x5T0iojW1dfc92cb","workflowName":"My workflow","executionId":"10","nodeType":"n8n-nodes-base.code","nodeName":"Code in JavaScript1","nodeId":"0b0f2df5-9d70-4f31-877c-3b197150c344"}}
{"__type":"$$EventMessageConfirm","confirm":"334693b6-1946-4162-bc0c-e48be344fdcf","ts":"2025-12-30T19:47:45.894-05:00","source":{"id":"0","name":"eventBus"}}
{"__type":"$$EventMessageRunner","id":"0e37c690-d535-430d-a46c-727ba0c4ccca","ts":"2025-12-30T19:47:45.894-05:00","eventName":"n8n.runner.task.requested","message":"n8n.runner.task.requested","payload":{"taskId":"ZTmADA5p","nodeId":"0b0f2df5-9d70-4f31-877c-3b197150c344","workflowId":"x5T0iojW1dfc92cb","executionId":"10"}}
{"__type":"$$EventMessageConfirm","confirm":"0e37c690-d535-430d-a46c-727ba0c4ccca","ts":"2025-12-30T19:47:45.894-05:00","source":{"id":"0","name":"eventBus"}}
{"__type":"$$EventMessageRunner","id":"e64f513d-0115-48a6-baee-a1aba9d20206","ts":"2025-12-30T19:47:45.901-05:00","eventName":"n8n.runner.response.received","message":"n8n.runner.response.received","payload":{"taskId":"ZTmADA5p","nodeId":"0b0f2df5-9d70-4f31-877c-3b197150c344","workflowId":"x5T0iojW1dfc92cb","executionId":"10"}}
{"__type":"$$EventMessageConfirm","confirm":"e64f513d-0115-48a6-baee-a1aba9d20206","ts":"2025-12-30T19:47:45.901-05:00","source":{"id":"0","name":"eventBus"}}
{"__type":"$$EventMessageNode","id":"f34eb628-2f52-4480-a223-e34674767d5b","ts":"2025-12-30T19:47:45.901-05:00","eventName":"n8n.node.finished","message":"n8n.node.finished","payload":{"workflowId":"x5T0iojW1dfc92cb","workflowName":"My workflow","executionId":"10","nodeType":"n8n-nodes-base.code","nodeName":"Code in JavaScript1","nodeId":"0b0f2df5-9d70-4f31-877c-3b197150c344"}}
{"__type":"$$EventMessageConfirm","confirm":"f34eb628-2f52-4480-a223-e34674767d5b","ts":"2025-12-30T19:47:45.901-05:00","source":{"id":"0","name":"eventBus"}}
{"__type":"$$EventMessageNode","id":"812e1a65-6c2d-444e-981e-5a92d8505476","ts":"2025-12-30T19:47:45.901-05:00","eventName":"n8n.node.started","message":"n8n.node.started","payload":{"workflowId":"x5T0iojW1dfc92cb","workflowName":"My workflow","executionId":"10","nodeType":"n8n-nodes-base.httpRequest","nodeName":"HTTP Request1","nodeId":"2b19f6dd-6752-4804-a908-7762e264d80d"}}
{"__type":"$$EventMessageConfirm","confirm":"812e1a65-6c2d-444e-981e-5a92d8505476","ts":"2025-12-30T19:47:45.901-05:00","source":{"id":"0","name":"eventBus"}}
{"__type":"$$EventMessageNode","id":"2c06dd43-6b95-4976-b499-77fb8acefb55","ts":"2025-12-30T19:47:46.092-05:00","eventName":"n8n.node.finished","message":"n8n.node.finished","payload":{"workflowId":"x5T0iojW1dfc92cb","workflowName":"My workflow","executionId":"10","nodeType":"n8n-nodes-base.httpRequest","nodeName":"HTTP Request1","nodeId":"2b19f6dd-6752-4804-a908-7762e264d80d"}}
{"__type":"$$EventMessageConfirm","confirm":"2c06dd43-6b95-4976-b499-77fb8acefb55","ts":"2025-12-30T19:47:46.092-05:00","source":{"id":"0","name":"eventBus"}}
{"__type":"$$EventMessageNode","id":"5a1b004d-1c25-4bd0-b8ef-7cd796f6ec15","ts":"2025-12-30T19:47:46.092-05:00","eventName":"n8n.node.started","message":"n8n.node.started","payload":{"workflowId":"x5T0iojW1dfc92cb","workflowName":"My workflow","executionId":"10","nodeType":"n8n-nodes-base.httpRequest","nodeName":"HTTP Request2","nodeId":"6d3fe4e8-3869-4f69-984d-9e1de35f4bd0"}}
{"__type":"$$EventMessageConfirm","confirm":"5a1b004d-1c25-4bd0-b8ef-7cd796f6ec15","ts":"2025-12-30T19:47:46.092-05:00","source":{"id":"0","name":"eventBus"}}
{"__type":"$$EventMessageNode","id":"b1736573-78d6-4b9b-ae9e-d497561d1c4e","ts":"2025-12-30T19:47:46.107-05:00","eventName":"n8n.node.finished","message":"n8n.node.finished","payload":{"workflowId":"x5T0iojW1dfc92cb","workflowName":"My workflow","executionId":"10","nodeType":"n8n-nodes-base.httpRequest","nodeName":"HTTP Request2","nodeId":"6d3fe4e8-3869-4f69-984d-9e1de35f4bd0"}}
{"__type":"$$EventMessageConfirm","confirm":"b1736573-78d6-4b9b-ae9e-d497561d1c4e","ts":"2025-12-30T19:47:46.107-05:00","source":{"id":"0","name":"eventBus"}}
{"__type":"$$EventMessageWorkflow","id":"56034ee9-2cb4-4112-8f47-c41572308a50","ts":"2025-12-30T19:47:46.107-05:00","eventName":"n8n.workflow.failed","message":"n8n.workflow.failed","payload":{"executionId":"10","success":false,"isManual":false,"workflowId":"x5T0iojW1dfc92cb","workflowName":"My workflow","lastNodeExecuted":"HTTP Request2","errorNodeType":"n8n-nodes-base.httpRequest","errorMessage":"The service refused the connection - perhaps it is offline"}}
{"__type":"$$EventMessageConfirm","confirm":"56034ee9-2cb4-4112-8f47-c41572308a50","ts":"2025-12-30T19:47:46.107-05:00","source":{"id":"0","name":"eventBus"}}
{"__type":"$$EventMessageAudit","id":"7520301f-4856-4595-9f31-414018b26bd2","ts":"2025-12-30T19:52:09.450-05:00","eventName":"n8n.audit.workflow.updated","message":"n8n.audit.workflow.updated","payload":{"userId":"78726ac8-1ad3-4f74-8b97-b703a6562dca","_email":"lohit.b@oneorigin.us","_firstName":"lohit","_lastName":"botta","globalRole":"global:owner","workflowId":"x5T0iojW1dfc92cb","workflowName":"My workflow"}}
{"__type":"$$EventMessageConfirm","confirm":"7520301f-4856-4595-9f31-414018b26bd2","ts":"2025-12-30T19:52:09.450-05:00","source":{"id":"0","name":"eventBus"}}
{"__type":"$$EventMessageWorkflow","id":"bbbee26a-d848-42cf-b1d0-cd296a0c3c6a","ts":"2025-12-30T19:52:33.923-05:00","eventName":"n8n.workflow.started","message":"n8n.workflow.started","payload":{"executionId":"11","workflowId":"x5T0iojW1dfc92cb","isManual":false,"workflowName":"My workflow"}}
{"__type":"$$EventMessageConfirm","confirm":"bbbee26a-d848-42cf-b1d0-cd296a0c3c6a","ts":"2025-12-30T19:52:33.923-05:00","source":{"id":"0","name":"eventBus"}}
{"__type":"$$EventMessageNode","id":"c38abd60-b105-434d-bebe-0d3b6f042ff7","ts":"2025-12-30T19:52:33.923-05:00","eventName":"n8n.node.started","message":"n8n.node.started","payload":{"workflowId":"x5T0iojW1dfc92cb","workflowName":"My workflow","executionId":"11","nodeType":"n8n-nodes-base.webhook","nodeName":"File Uploaded","nodeId":"85ef8842-4465-428c-a54a-943f9e40962e"}}
{"__type":"$$EventMessageConfirm","confirm":"c38abd60-b105-434d-bebe-0d3b6f042ff7","ts":"2025-12-30T19:52:33.924-05:00","source":{"id":"0","name":"eventBus"}}
{"__type":"$$EventMessageNode","id":"cf2ea2d1-6996-4d05-8ea1-4d8fb1371f11","ts":"2025-12-30T19:52:33.924-05:00","eventName":"n8n.node.finished","message":"n8n.node.finished","payload":{"workflowId":"x5T0iojW1dfc92cb","workflowName":"My workflow","executionId":"11","nodeType":"n8n-nodes-base.webhook","nodeName":"File Uploaded","nodeId":"85ef8842-4465-428c-a54a-943f9e40962e"}}
{"__type":"$$EventMessageConfirm","confirm":"cf2ea2d1-6996-4d05-8ea1-4d8fb1371f11","ts":"2025-12-30T19:52:33.924-05:00","source":{"id":"0","name":"eventBus"}}
{"__type":"$$EventMessageNode","id":"bf60d77a-7d49-4d7c-a9cb-02ef825cde66","ts":"2025-12-30T19:52:33.924-05:00","eventName":"n8n.node.started","message":"n8n.node.started","payload":{"workflowId":"x5T0iojW1dfc92cb","workflowName":"My workflow","executionId":"11","nodeType":"n8n-nodes-base.httpRequest","nodeName":"HTTP Request","nodeId":"0c92071e-710f-43fe-952f-60e9b7e5ce98"}}
{"__type":"$$EventMessageConfirm","confirm":"bf60d77a-7d49-4d7c-a9cb-02ef825cde66","ts":"2025-12-30T19:52:33.924-05:00","source":{"id":"0","name":"eventBus"}}
{"__type":"$$EventMessageNode","id":"f228125e-3d1d-4f5c-9db9-26e1b516ccc0","ts":"2025-12-30T19:52:34.092-05:00","eventName":"n8n.node.finished","message":"n8n.node.finished","payload":{"workflowId":"x5T0iojW1dfc92cb","workflowName":"My workflow","executionId":"11","nodeType":"n8n-nodes-base.httpRequest","nodeName":"HTTP Request","nodeId":"0c92071e-710f-43fe-952f-60e9b7e5ce98"}}
{"__type":"$$EventMessageConfirm","confirm":"f228125e-3d1d-4f5c-9db9-26e1b516ccc0","ts":"2025-12-30T19:52:34.092-05:00","source":{"id":"0","name":"eventBus"}}
{"__type":"$$EventMessageNode","id":"994b129b-e381-4a79-bb70-56f6be499396","ts":"2025-12-30T19:52:34.092-05:00","eventName":"n8n.node.started","message":"n8n.node.started","payload":{"workflowId":"x5T0iojW1dfc92cb","workflowName":"My workflow","executionId":"11","nodeType":"n8n-nodes-base.code","nodeName":"Code in JavaScript","nodeId":"33bd4e07-6688-419d-9d0c-c4a09cc89ea4"}}
{"__type":"$$EventMessageConfirm","confirm":"994b129b-e381-4a79-bb70-56f6be499396","ts":"2025-12-30T19:52:34.092-05:00","source":{"id":"0","name":"eventBus"}}
{"__type":"$$EventMessageRunner","id":"83778f67-741a-4c4c-8531-e7fab4f4d282","ts":"2025-12-30T19:52:34.097-05:00","eventName":"n8n.runner.task.requested","message":"n8n.runner.task.requested","payload":{"taskId":"Gn7JTUDw","nodeId":"33bd4e07-6688-419d-9d0c-c4a09cc89ea4","workflowId":"x5T0iojW1dfc92cb","executionId":"11"}}
{"__type":"$$EventMessageConfirm","confirm":"83778f67-741a-4c4c-8531-e7fab4f4d282","ts":"2025-12-30T19:52:34.097-05:00","source":{"id":"0","name":"eventBus"}}
{"__type":"$$EventMessageRunner","id":"caa97a35-9a60-4a09-86af-7181faeef24f","ts":"2025-12-30T19:52:34.115-05:00","eventName":"n8n.runner.response.received","message":"n8n.runner.response.received","payload":{"taskId":"Gn7JTUDw","nodeId":"33bd4e07-6688-419d-9d0c-c4a09cc89ea4","workflowId":"x5T0iojW1dfc92cb","executionId":"11"}}
{"__type":"$$EventMessageConfirm","confirm":"caa97a35-9a60-4a09-86af-7181faeef24f","ts":"2025-12-30T19:52:34.115-05:00","source":{"id":"0","name":"eventBus"}}
{"__type":"$$EventMessageNode","id":"f21a3842-31af-4083-9e16-ba5630afe01b","ts":"2025-12-30T19:52:34.116-05:00","eventName":"n8n.node.finished","message":"n8n.node.finished","payload":{"workflowId":"x5T0iojW1dfc92cb","workflowName":"My workflow","executionId":"11","nodeType":"n8n-nodes-base.code","nodeName":"Code in JavaScript","nodeId":"33bd4e07-6688-419d-9d0c-c4a09cc89ea4"}}
{"__type":"$$EventMessageConfirm","confirm":"f21a3842-31af-4083-9e16-ba5630afe01b","ts":"2025-12-30T19:52:34.116-05:00","source":{"id":"0","name":"eventBus"}}
{"__type":"$$EventMessageNode","id":"f0e0588c-2010-4bab-8d35-b3b31fa3467f","ts":"2025-12-30T19:52:34.116-05:00","eventName":"n8n.node.started","message":"n8n.node.started","payload":{"workflowId":"x5T0iojW1dfc92cb","workflowName":"My workflow","executionId":"11","nodeType":"n8n-nodes-base.code","nodeName":"Code in JavaScript1","nodeId":"0b0f2df5-9d70-4f31-877c-3b197150c344"}}
{"__type":"$$EventMessageConfirm","confirm":"f0e0588c-2010-4bab-8d35-b3b31fa3467f","ts":"2025-12-30T19:52:34.116-05:00","source":{"id":"0","name":"eventBus"}}
{"__type":"$$EventMessageRunner","id":"ec8d4258-0cbf-4d85-985a-ea50d04e51de","ts":"2025-12-30T19:52:34.117-05:00","eventName":"n8n.runner.task.requested","message":"n8n.runner.task.requested","payload":{"taskId":"CQYEAKtB","nodeId":"0b0f2df5-9d70-4f31-877c-3b197150c344","workflowId":"x5T0iojW1dfc92cb","executionId":"11"}}
{"__type":"$$EventMessageConfirm","confirm":"ec8d4258-0cbf-4d85-985a-ea50d04e51de","ts":"2025-12-30T19:52:34.117-05:00","source":{"id":"0","name":"eventBus"}}
{"__type":"$$EventMessageRunner","id":"ac8be54c-aa4d-4589-b24e-71d9b3a900b7","ts":"2025-12-30T19:52:34.123-05:00","eventName":"n8n.runner.response.received","message":"n8n.runner.response.received","payload":{"taskId":"CQYEAKtB","nodeId":"0b0f2df5-9d70-4f31-877c-3b197150c344","workflowId":"x5T0iojW1dfc92cb","executionId":"11"}}
{"__type":"$$EventMessageConfirm","confirm":"ac8be54c-aa4d-4589-b24e-71d9b3a900b7","ts":"2025-12-30T19:52:34.123-05:00","source":{"id":"0","name":"eventBus"}}
{"__type":"$$EventMessageNode","id":"76ff9cc6-69a8-4129-843d-ee564f542849","ts":"2025-12-30T19:52:34.123-05:00","eventName":"n8n.node.finished","message":"n8n.node.finished","payload":{"workflowId":"x5T0iojW1dfc92cb","workflowName":"My workflow","executionId":"11","nodeType":"n8n-nodes-base.code","nodeName":"Code in JavaScript1","nodeId":"0b0f2df5-9d70-4f31-877c-3b197150c344"}}
{"__type":"$$EventMessageConfirm","confirm":"76ff9cc6-69a8-4129-843d-ee564f542849","ts":"2025-12-30T19:52:34.123-05:00","source":{"id":"0","name":"eventBus"}}
{"__type":"$$EventMessageNode","id":"ea16aad1-ee80-4bd5-bfb3-4c019378ab8e","ts":"2025-12-30T19:52:34.123-05:00","eventName":"n8n.node.started","message":"n8n.node.started","payload":{"workflowId":"x5T0iojW1dfc92cb","workflowName":"My workflow","executionId":"11","nodeType":"n8n-nodes-base.httpRequest","nodeName":"HTTP Request1","nodeId":"2b19f6dd-6752-4804-a908-7762e264d80d"}}
{"__type":"$$EventMessageConfirm","confirm":"ea16aad1-ee80-4bd5-bfb3-4c019378ab8e","ts":"2025-12-30T19:52:34.123-05:00","source":{"id":"0","name":"eventBus"}}
{"__type":"$$EventMessageNode","id":"18053c76-a83a-4055-a1db-2ac2f89785f0","ts":"2025-12-30T19:52:34.278-05:00","eventName":"n8n.node.finished","message":"n8n.node.finished","payload":{"workflowId":"x5T0iojW1dfc92cb","workflowName":"My workflow","executionId":"11","nodeType":"n8n-nodes-base.httpRequest","nodeName":"HTTP Request1","nodeId":"2b19f6dd-6752-4804-a908-7762e264d80d"}}
{"__type":"$$EventMessageConfirm","confirm":"18053c76-a83a-4055-a1db-2ac2f89785f0","ts":"2025-12-30T19:52:34.278-05:00","source":{"id":"0","name":"eventBus"}}
{"__type":"$$EventMessageNode","id":"b2f85699-337a-491b-8190-63d55352c684","ts":"2025-12-30T19:52:34.278-05:00","eventName":"n8n.node.started","message":"n8n.node.started","payload":{"workflowId":"x5T0iojW1dfc92cb","workflowName":"My workflow","executionId":"11","nodeType":"n8n-nodes-base.httpRequest","nodeName":"HTTP Request2","nodeId":"6d3fe4e8-3869-4f69-984d-9e1de35f4bd0"}}
{"__type":"$$EventMessageConfirm","confirm":"b2f85699-337a-491b-8190-63d55352c684","ts":"2025-12-30T19:52:34.278-05:00","source":{"id":"0","name":"eventBus"}}
{"__type":"$$EventMessageNode","id":"02593477-34ed-4123-94ab-2e39097a5fe2","ts":"2025-12-30T19:52:34.316-05:00","eventName":"n8n.node.finished","message":"n8n.node.finished","payload":{"workflowId":"x5T0iojW1dfc92cb","workflowName":"My workflow","executionId":"11","nodeType":"n8n-nodes-base.httpRequest","nodeName":"HTTP Request2","nodeId":"6d3fe4e8-3869-4f69-984d-9e1de35f4bd0"}}
{"__type":"$$EventMessageConfirm","confirm":"02593477-34ed-4123-94ab-2e39097a5fe2","ts":"2025-12-30T19:52:34.316-05:00","source":{"id":"0","name":"eventBus"}}
{"__type":"$$EventMessageWorkflow","id":"2404091d-a398-4b02-9027-76ff092614e5","ts":"2025-12-30T19:52:34.316-05:00","eventName":"n8n.workflow.failed","message":"n8n.workflow.failed","payload":{"executionId":"11","success":false,"isManual":false,"workflowId":"x5T0iojW1dfc92cb","workflowName":"My workflow","lastNodeExecuted":"HTTP Request2","errorNodeType":"n8n-nodes-base.httpRequest","errorMessage":"The service refused the connection - perhaps it is offline"}}
{"__type":"$$EventMessageConfirm","confirm":"2404091d-a398-4b02-9027-76ff092614e5","ts":"2025-12-30T19:52:34.316-05:00","source":{"id":"0","name":"eventBus"}}
{"__type":"$$EventMessageAudit","id":"e30af0a1-4a12-4b80-97e2-df9a73a525a4","ts":"2025-12-30T19:53:38.893-05:00","eventName":"n8n.audit.workflow.updated","message":"n8n.audit.workflow.updated","payload":{"userId":"78726ac8-1ad3-4f74-8b97-b703a6562dca","_email":"lohit.b@oneorigin.us","_firstName":"lohit","_lastName":"botta","globalRole":"global:owner","workflowId":"x5T0iojW1dfc92cb","workflowName":"My workflow"}}
{"__type":"$$EventMessageConfirm","confirm":"e30af0a1-4a12-4b80-97e2-df9a73a525a4","ts":"2025-12-30T19:53:38.894-05:00","source":{"id":"0","name":"eventBus"}}
{"__type":"$$EventMessageWorkflow","id":"185a820b-2ab9-4290-af69-84b385bdd27e","ts":"2025-12-30T19:53:56.766-05:00","eventName":"n8n.workflow.started","message":"n8n.workflow.started","payload":{"executionId":"12","workflowId":"x5T0iojW1dfc92cb","isManual":false,"workflowName":"My workflow"}}
{"__type":"$$EventMessageConfirm","confirm":"185a820b-2ab9-4290-af69-84b385bdd27e","ts":"2025-12-30T19:53:56.766-05:00","source":{"id":"0","name":"eventBus"}}
{"__type":"$$EventMessageNode","id":"ee7bb8a7-42a7-4521-b455-478f50b83b05","ts":"2025-12-30T19:53:56.766-05:00","eventName":"n8n.node.started","message":"n8n.node.started","payload":{"workflowId":"x5T0iojW1dfc92cb","workflowName":"My workflow","executionId":"12","nodeType":"n8n-nodes-base.webhook","nodeName":"File Uploaded","nodeId":"85ef8842-4465-428c-a54a-943f9e40962e"}}
{"__type":"$$EventMessageConfirm","confirm":"ee7bb8a7-42a7-4521-b455-478f50b83b05","ts":"2025-12-30T19:53:56.766-05:00","source":{"id":"0","name":"eventBus"}}
{"__type":"$$EventMessageNode","id":"a93f5c0f-230e-4b47-b355-22b0bb3fd15e","ts":"2025-12-30T19:53:56.767-05:00","eventName":"n8n.node.finished","message":"n8n.node.finished","payload":{"workflowId":"x5T0iojW1dfc92cb","workflowName":"My workflow","executionId":"12","nodeType":"n8n-nodes-base.webhook","nodeName":"File Uploaded","nodeId":"85ef8842-4465-428c-a54a-943f9e40962e"}}
{"__type":"$$EventMessageConfirm","confirm":"a93f5c0f-230e-4b47-b355-22b0bb3fd15e","ts":"2025-12-30T19:53:56.767-05:00","source":{"id":"0","name":"eventBus"}}
{"__type":"$$EventMessageNode","id":"4bb352ba-567e-4524-ba8c-2fbf530bae5d","ts":"2025-12-30T19:53:56.767-05:00","eventName":"n8n.node.started","message":"n8n.node.started","payload":{"workflowId":"x5T0iojW1dfc92cb","workflowName":"My workflow","executionId":"12","nodeType":"n8n-nodes-base.httpRequest","nodeName":"HTTP Request","nodeId":"0c92071e-710f-43fe-952f-60e9b7e5ce98"}}
{"__type":"$$EventMessageConfirm","confirm":"4bb352ba-567e-4524-ba8c-2fbf530bae5d","ts":"2025-12-30T19:53:56.767-05:00","source":{"id":"0","name":"eventBus"}}
{"__type":"$$EventMessageNode","id":"69de178c-844c-47d0-acc3-abbace2357be","ts":"2025-12-30T19:53:56.934-05:00","eventName":"n8n.node.finished","message":"n8n.node.finished","payload":{"workflowId":"x5T0iojW1dfc92cb","workflowName":"My workflow","executionId":"12","nodeType":"n8n-nodes-base.httpRequest","nodeName":"HTTP Request","nodeId":"0c92071e-710f-43fe-952f-60e9b7e5ce98"}}
{"__type":"$$EventMessageConfirm","confirm":"69de178c-844c-47d0-acc3-abbace2357be","ts":"2025-12-30T19:53:56.935-05:00","source":{"id":"0","name":"eventBus"}}
{"__type":"$$EventMessageNode","id":"db7eec3b-8eec-4b03-b5b1-a1659b07f597","ts":"2025-12-30T19:53:56.935-05:00","eventName":"n8n.node.started","message":"n8n.node.started","payload":{"workflowId":"x5T0iojW1dfc92cb","workflowName":"My workflow","executionId":"12","nodeType":"n8n-nodes-base.code","nodeName":"Code in JavaScript","nodeId":"33bd4e07-6688-419d-9d0c-c4a09cc89ea4"}}
{"__type":"$$EventMessageConfirm","confirm":"db7eec3b-8eec-4b03-b5b1-a1659b07f597","ts":"2025-12-30T19:53:56.935-05:00","source":{"id":"0","name":"eventBus"}}
{"__type":"$$EventMessageRunner","id":"789da365-6514-4cea-838c-b3f1c507ef27","ts":"2025-12-30T19:53:56.938-05:00","eventName":"n8n.runner.task.requested","message":"n8n.runner.task.requested","payload":{"taskId":"N1u6ET4w","nodeId":"33bd4e07-6688-419d-9d0c-c4a09cc89ea4","workflowId":"x5T0iojW1dfc92cb","executionId":"12"}}
{"__type":"$$EventMessageConfirm","confirm":"789da365-6514-4cea-838c-b3f1c507ef27","ts":"2025-12-30T19:53:56.938-05:00","source":{"id":"0","name":"eventBus"}}
{"__type":"$$EventMessageRunner","id":"a5e670a5-f0a0-41ea-8e5f-077b414889ae","ts":"2025-12-30T19:53:56.955-05:00","eventName":"n8n.runner.response.received","message":"n8n.runner.response.received","payload":{"taskId":"N1u6ET4w","nodeId":"33bd4e07-6688-419d-9d0c-c4a09cc89ea4","workflowId":"x5T0iojW1dfc92cb","executionId":"12"}}
{"__type":"$$EventMessageConfirm","confirm":"a5e670a5-f0a0-41ea-8e5f-077b414889ae","ts":"2025-12-30T19:53:56.955-05:00","source":{"id":"0","name":"eventBus"}}
{"__type":"$$EventMessageNode","id":"5e4ced37-9797-4388-9c31-adb3f62a1b3f","ts":"2025-12-30T19:53:56.955-05:00","eventName":"n8n.node.finished","message":"n8n.node.finished","payload":{"workflowId":"x5T0iojW1dfc92cb","workflowName":"My workflow","executionId":"12","nodeType":"n8n-nodes-base.code","nodeName":"Code in JavaScript","nodeId":"33bd4e07-6688-419d-9d0c-c4a09cc89ea4"}}
{"__type":"$$EventMessageConfirm","confirm":"5e4ced37-9797-4388-9c31-adb3f62a1b3f","ts":"2025-12-30T19:53:56.956-05:00","source":{"id":"0","name":"eventBus"}}
{"__type":"$$EventMessageNode","id":"b4834261-d03a-461a-8ac1-8bea5e9a92e1","ts":"2025-12-30T19:53:56.956-05:00","eventName":"n8n.node.started","message":"n8n.node.started","payload":{"workflowId":"x5T0iojW1dfc92cb","workflowName":"My workflow","executionId":"12","nodeType":"n8n-nodes-base.code","nodeName":"Code in JavaScript1","nodeId":"0b0f2df5-9d70-4f31-877c-3b197150c344"}}
{"__type":"$$EventMessageConfirm","confirm":"b4834261-d03a-461a-8ac1-8bea5e9a92e1","ts":"2025-12-30T19:53:56.956-05:00","source":{"id":"0","name":"eventBus"}}
{"__type":"$$EventMessageRunner","id":"f23d970b-9780-4c9b-9d82-5108cda94b97","ts":"2025-12-30T19:53:56.956-05:00","eventName":"n8n.runner.task.requested","message":"n8n.runner.task.requested","payload":{"taskId":"8Sk_AUVw","nodeId":"0b0f2df5-9d70-4f31-877c-3b197150c344","workflowId":"x5T0iojW1dfc92cb","executionId":"12"}}
{"__type":"$$EventMessageConfirm","confirm":"f23d970b-9780-4c9b-9d82-5108cda94b97","ts":"2025-12-30T19:53:56.957-05:00","source":{"id":"0","name":"eventBus"}}
{"__type":"$$EventMessageRunner","id":"8ff10630-e9b6-4620-bbe3-ed9a99701739","ts":"2025-12-30T19:53:56.964-05:00","eventName":"n8n.runner.response.received","message":"n8n.runner.response.received","payload":{"taskId":"8Sk_AUVw","nodeId":"0b0f2df5-9d70-4f31-877c-3b197150c344","workflowId":"x5T0iojW1dfc92cb","executionId":"12"}}
{"__type":"$$EventMessageConfirm","confirm":"8ff10630-e9b6-4620-bbe3-ed9a99701739","ts":"2025-12-30T19:53:56.964-05:00","source":{"id":"0","name":"eventBus"}}
{"__type":"$$EventMessageNode","id":"ee19d308-10ca-41b5-b171-8b7d83e5e973","ts":"2025-12-30T19:53:56.964-05:00","eventName":"n8n.node.finished","message":"n8n.node.finished","payload":{"workflowId":"x5T0iojW1dfc92cb","workflowName":"My workflow","executionId":"12","nodeType":"n8n-nodes-base.code","nodeName":"Code in JavaScript1","nodeId":"0b0f2df5-9d70-4f31-877c-3b197150c344"}}
{"__type":"$$EventMessageConfirm","confirm":"ee19d308-10ca-41b5-b171-8b7d83e5e973","ts":"2025-12-30T19:53:56.964-05:00","source":{"id":"0","name":"eventBus"}}
{"__type":"$$EventMessageNode","id":"afe080a6-61cf-4e05-a4a0-11de38671f22","ts":"2025-12-30T19:53:56.964-05:00","eventName":"n8n.node.started","message":"n8n.node.started","payload":{"workflowId":"x5T0iojW1dfc92cb","workflowName":"My workflow","executionId":"12","nodeType":"n8n-nodes-base.httpRequest","nodeName":"HTTP Request1","nodeId":"2b19f6dd-6752-4804-a908-7762e264d80d"}}
{"__type":"$$EventMessageConfirm","confirm":"afe080a6-61cf-4e05-a4a0-11de38671f22","ts":"2025-12-30T19:53:56.964-05:00","source":{"id":"0","name":"eventBus"}}
{"__type":"$$EventMessageNode","id":"9627747b-39f0-462d-a865-5232e6e52302","ts":"2025-12-30T19:53:57.104-05:00","eventName":"n8n.node.finished","message":"n8n.node.finished","payload":{"workflowId":"x5T0iojW1dfc92cb","workflowName":"My workflow","executionId":"12","nodeType":"n8n-nodes-base.httpRequest","nodeName":"HTTP Request1","nodeId":"2b19f6dd-6752-4804-a908-7762e264d80d"}}
{"__type":"$$EventMessageConfirm","confirm":"9627747b-39f0-462d-a865-5232e6e52302","ts":"2025-12-30T19:53:57.104-05:00","source":{"id":"0","name":"eventBus"}}
{"__type":"$$EventMessageNode","id":"5f3adb20-b457-4c1e-9910-803f197b29ce","ts":"2025-12-30T19:53:57.104-05:00","eventName":"n8n.node.started","message":"n8n.node.started","payload":{"workflowId":"x5T0iojW1dfc92cb","workflowName":"My workflow","executionId":"12","nodeType":"n8n-nodes-base.httpRequest","nodeName":"HTTP Request2","nodeId":"6d3fe4e8-3869-4f69-984d-9e1de35f4bd0"}}
{"__type":"$$EventMessageConfirm","confirm":"5f3adb20-b457-4c1e-9910-803f197b29ce","ts":"2025-12-30T19:53:57.104-05:00","source":{"id":"0","name":"eventBus"}}
{"__type":"$$EventMessageNode","id":"dc6d5d80-7f79-4a0b-94e7-432e4fdea9a7","ts":"2025-12-30T19:53:57.228-05:00","eventName":"n8n.node.finished","message":"n8n.node.finished","payload":{"workflowId":"x5T0iojW1dfc92cb","workflowName":"My workflow","executionId":"12","nodeType":"n8n-nodes-base.httpRequest","nodeName":"HTTP Request2","nodeId":"6d3fe4e8-3869-4f69-984d-9e1de35f4bd0"}}
{"__type":"$$EventMessageConfirm","confirm":"dc6d5d80-7f79-4a0b-94e7-432e4fdea9a7","ts":"2025-12-30T19:53:57.228-05:00","source":{"id":"0","name":"eventBus"}}
{"__type":"$$EventMessageWorkflow","id":"d45dc7f6-9b5b-49fc-a48d-6405751f8b90","ts":"2025-12-30T19:53:57.229-05:00","eventName":"n8n.workflow.failed","message":"n8n.workflow.failed","payload":{"executionId":"12","success":false,"isManual":false,"workflowId":"x5T0iojW1dfc92cb","workflowName":"My workflow","lastNodeExecuted":"HTTP Request2","errorNodeType":"n8n-nodes-base.httpRequest","errorMessage":"The service was not able to process your request"}}
{"__type":"$$EventMessageConfirm","confirm":"d45dc7f6-9b5b-49fc-a48d-6405751f8b90","ts":"2025-12-30T19:53:57.229-05:00","source":{"id":"0","name":"eventBus"}}
{"__type":"$$EventMessageWorkflow","id":"727b1353-1f89-4297-b0d7-983d37b195cf","ts":"2025-12-30T19:56:37.473-05:00","eventName":"n8n.workflow.started","message":"n8n.workflow.started","payload":{"executionId":"13","workflowId":"x5T0iojW1dfc92cb","isManual":false,"workflowName":"My workflow"}}
{"__type":"$$EventMessageConfirm","confirm":"727b1353-1f89-4297-b0d7-983d37b195cf","ts":"2025-12-30T19:56:37.474-05:00","source":{"id":"0","name":"eventBus"}}
{"__type":"$$EventMessageNode","id":"380eca30-faa1-46b7-882d-a1218584cf2c","ts":"2025-12-30T19:56:37.474-05:00","eventName":"n8n.node.started","message":"n8n.node.started","payload":{"workflowId":"x5T0iojW1dfc92cb","workflowName":"My workflow","executionId":"13","nodeType":"n8n-nodes-base.webhook","nodeName":"File Uploaded","nodeId":"85ef8842-4465-428c-a54a-943f9e40962e"}}
{"__type":"$$EventMessageConfirm","confirm":"380eca30-faa1-46b7-882d-a1218584cf2c","ts":"2025-12-30T19:56:37.474-05:00","source":{"id":"0","name":"eventBus"}}
{"__type":"$$EventMessageNode","id":"d1e3a3ca-efe7-40b4-89f3-09386ca85a33","ts":"2025-12-30T19:56:37.475-05:00","eventName":"n8n.node.finished","message":"n8n.node.finished","payload":{"workflowId":"x5T0iojW1dfc92cb","workflowName":"My workflow","executionId":"13","nodeType":"n8n-nodes-base.webhook","nodeName":"File Uploaded","nodeId":"85ef8842-4465-428c-a54a-943f9e40962e"}}
{"__type":"$$EventMessageConfirm","confirm":"d1e3a3ca-efe7-40b4-89f3-09386ca85a33","ts":"2025-12-30T19:56:37.475-05:00","source":{"id":"0","name":"eventBus"}}
{"__type":"$$EventMessageNode","id":"e00b3d70-41ab-4f3b-bdb5-af264663021f","ts":"2025-12-30T19:56:37.475-05:00","eventName":"n8n.node.started","message":"n8n.node.started","payload":{"workflowId":"x5T0iojW1dfc92cb","workflowName":"My workflow","executionId":"13","nodeType":"n8n-nodes-base.httpRequest","nodeName":"HTTP Request","nodeId":"0c92071e-710f-43fe-952f-60e9b7e5ce98"}}
{"__type":"$$EventMessageConfirm","confirm":"e00b3d70-41ab-4f3b-bdb5-af264663021f","ts":"2025-12-30T19:56:37.475-05:00","source":{"id":"0","name":"eventBus"}}
{"__type":"$$EventMessageNode","id":"b0f4dcda-7e1f-48c6-88d3-61f88cc5abec","ts":"2025-12-30T19:56:37.640-05:00","eventName":"n8n.node.finished","message":"n8n.node.finished","payload":{"workflowId":"x5T0iojW1dfc92cb","workflowName":"My workflow","executionId":"13","nodeType":"n8n-nodes-base.httpRequest","nodeName":"HTTP Request","nodeId":"0c92071e-710f-43fe-952f-60e9b7e5ce98"}}
{"__type":"$$EventMessageConfirm","confirm":"b0f4dcda-7e1f-48c6-88d3-61f88cc5abec","ts":"2025-12-30T19:56:37.641-05:00","source":{"id":"0","name":"eventBus"}}
{"__type":"$$EventMessageNode","id":"bb02d6ce-22e9-4525-bb7e-7b66a7c5d43d","ts":"2025-12-30T19:56:37.641-05:00","eventName":"n8n.node.started","message":"n8n.node.started","payload":{"workflowId":"x5T0iojW1dfc92cb","workflowName":"My workflow","executionId":"13","nodeType":"n8n-nodes-base.code","nodeName":"Code in JavaScript","nodeId":"33bd4e07-6688-419d-9d0c-c4a09cc89ea4"}}
{"__type":"$$EventMessageConfirm","confirm":"bb02d6ce-22e9-4525-bb7e-7b66a7c5d43d","ts":"2025-12-30T19:56:37.641-05:00","source":{"id":"0","name":"eventBus"}}
{"__type":"$$EventMessageRunner","id":"167f9eda-6688-443e-b6b1-11105265fc73","ts":"2025-12-30T19:56:37.645-05:00","eventName":"n8n.runner.task.requested","message":"n8n.runner.task.requested","payload":{"taskId":"XhU9U8Es","nodeId":"33bd4e07-6688-419d-9d0c-c4a09cc89ea4","workflowId":"x5T0iojW1dfc92cb","executionId":"13"}}
{"__type":"$$EventMessageConfirm","confirm":"167f9eda-6688-443e-b6b1-11105265fc73","ts":"2025-12-30T19:56:37.645-05:00","source":{"id":"0","name":"eventBus"}}
{"__type":"$$EventMessageRunner","id":"8025eb3d-5952-4496-8ca5-120f8084698c","ts":"2025-12-30T19:56:37.661-05:00","eventName":"n8n.runner.response.received","message":"n8n.runner.response.received","payload":{"taskId":"XhU9U8Es","nodeId":"33bd4e07-6688-419d-9d0c-c4a09cc89ea4","workflowId":"x5T0iojW1dfc92cb","executionId":"13"}}
{"__type":"$$EventMessageConfirm","confirm":"8025eb3d-5952-4496-8ca5-120f8084698c","ts":"2025-12-30T19:56:37.662-05:00","source":{"id":"0","name":"eventBus"}}
{"__type":"$$EventMessageNode","id":"068182c7-b8c0-4409-bc4e-c93f7fe79012","ts":"2025-12-30T19:56:37.662-05:00","eventName":"n8n.node.finished","message":"n8n.node.finished","payload":{"workflowId":"x5T0iojW1dfc92cb","workflowName":"My workflow","executionId":"13","nodeType":"n8n-nodes-base.code","nodeName":"Code in JavaScript","nodeId":"33bd4e07-6688-419d-9d0c-c4a09cc89ea4"}}
{"__type":"$$EventMessageConfirm","confirm":"068182c7-b8c0-4409-bc4e-c93f7fe79012","ts":"2025-12-30T19:56:37.662-05:00","source":{"id":"0","name":"eventBus"}}
{"__type":"$$EventMessageNode","id":"2913d53b-6faa-42e8-a932-b6feac9f6ebb","ts":"2025-12-30T19:56:37.662-05:00","eventName":"n8n.node.started","message":"n8n.node.started","payload":{"workflowId":"x5T0iojW1dfc92cb","workflowName":"My workflow","executionId":"13","nodeType":"n8n-nodes-base.code","nodeName":"Code in JavaScript1","nodeId":"0b0f2df5-9d70-4f31-877c-3b197150c344"}}
{"__type":"$$EventMessageConfirm","confirm":"2913d53b-6faa-42e8-a932-b6feac9f6ebb","ts":"2025-12-30T19:56:37.662-05:00","source":{"id":"0","name":"eventBus"}}
{"__type":"$$EventMessageRunner","id":"c17efebe-bd7e-4386-a054-faaffd4a7797","ts":"2025-12-30T19:56:37.665-05:00","eventName":"n8n.runner.task.requested","message":"n8n.runner.task.requested","payload":{"taskId":"frRsTJbT","nodeId":"0b0f2df5-9d70-4f31-877c-3b197150c344","workflowId":"x5T0iojW1dfc92cb","executionId":"13"}}
{"__type":"$$EventMessageConfirm","confirm":"c17efebe-bd7e-4386-a054-faaffd4a7797","ts":"2025-12-30T19:56:37.665-05:00","source":{"id":"0","name":"eventBus"}}
{"__type":"$$EventMessageRunner","id":"9a8121ef-9182-4d23-8afa-5987aad869cc","ts":"2025-12-30T19:56:37.669-05:00","eventName":"n8n.runner.response.received","message":"n8n.runner.response.received","payload":{"taskId":"frRsTJbT","nodeId":"0b0f2df5-9d70-4f31-877c-3b197150c344","workflowId":"x5T0iojW1dfc92cb","executionId":"13"}}
{"__type":"$$EventMessageConfirm","confirm":"9a8121ef-9182-4d23-8afa-5987aad869cc","ts":"2025-12-30T19:56:37.669-05:00","source":{"id":"0","name":"eventBus"}}
{"__type":"$$EventMessageNode","id":"bac8597a-5771-4aab-a91d-d94b620625cb","ts":"2025-12-30T19:56:37.669-05:00","eventName":"n8n.node.finished","message":"n8n.node.finished","payload":{"workflowId":"x5T0iojW1dfc92cb","workflowName":"My workflow","executionId":"13","nodeType":"n8n-nodes-base.code","nodeName":"Code in JavaScript1","nodeId":"0b0f2df5-9d70-4f31-877c-3b197150c344"}}
{"__type":"$$EventMessageConfirm","confirm":"bac8597a-5771-4aab-a91d-d94b620625cb","ts":"2025-12-30T19:56:37.669-05:00","source":{"id":"0","name":"eventBus"}}
{"__type":"$$EventMessageNode","id":"c146772b-3ab0-4c6f-956f-945715353fbc","ts":"2025-12-30T19:56:37.669-05:00","eventName":"n8n.node.started","message":"n8n.node.started","payload":{"workflowId":"x5T0iojW1dfc92cb","workflowName":"My workflow","executionId":"13","nodeType":"n8n-nodes-base.httpRequest","nodeName":"HTTP Request1","nodeId":"2b19f6dd-6752-4804-a908-7762e264d80d"}}
{"__type":"$$EventMessageConfirm","confirm":"c146772b-3ab0-4c6f-956f-945715353fbc","ts":"2025-12-30T19:56:37.669-05:00","source":{"id":"0","name":"eventBus"}}
{"__type":"$$EventMessageNode","id":"219b0315-befa-42f7-84df-61c153a77729","ts":"2025-12-30T19:56:37.804-05:00","eventName":"n8n.node.finished","message":"n8n.node.finished","payload":{"workflowId":"x5T0iojW1dfc92cb","workflowName":"My workflow","executionId":"13","nodeType":"n8n-nodes-base.httpRequest","nodeName":"HTTP Request1","nodeId":"2b19f6dd-6752-4804-a908-7762e264d80d"}}
{"__type":"$$EventMessageConfirm","confirm":"219b0315-befa-42f7-84df-61c153a77729","ts":"2025-12-30T19:56:37.804-05:00","source":{"id":"0","name":"eventBus"}}
{"__type":"$$EventMessageNode","id":"774b3e03-f7ae-42b1-8322-fee81200cbe0","ts":"2025-12-30T19:56:37.804-05:00","eventName":"n8n.node.started","message":"n8n.node.started","payload":{"workflowId":"x5T0iojW1dfc92cb","workflowName":"My workflow","executionId":"13","nodeType":"n8n-nodes-base.httpRequest","nodeName":"HTTP Request2","nodeId":"6d3fe4e8-3869-4f69-984d-9e1de35f4bd0"}}
{"__type":"$$EventMessageConfirm","confirm":"774b3e03-f7ae-42b1-8322-fee81200cbe0","ts":"2025-12-30T19:56:37.804-05:00","source":{"id":"0","name":"eventBus"}}
{"__type":"$$EventMessageNode","id":"e01c5dd3-4081-42dc-a106-eb2eb6afc31c","ts":"2025-12-30T19:56:37.912-05:00","eventName":"n8n.node.finished","message":"n8n.node.finished","payload":{"workflowId":"x5T0iojW1dfc92cb","workflowName":"My workflow","executionId":"13","nodeType":"n8n-nodes-base.httpRequest","nodeName":"HTTP Request2","nodeId":"6d3fe4e8-3869-4f69-984d-9e1de35f4bd0"}}
{"__type":"$$EventMessageConfirm","confirm":"e01c5dd3-4081-42dc-a106-eb2eb6afc31c","ts":"2025-12-30T19:56:37.912-05:00","source":{"id":"0","name":"eventBus"}}
{"__type":"$$EventMessageWorkflow","id":"f43fcaed-92eb-4bb2-a937-80ab545d0177","ts":"2025-12-30T19:56:37.912-05:00","eventName":"n8n.workflow.failed","message":"n8n.workflow.failed","payload":{"executionId":"13","success":false,"isManual":false,"workflowId":"x5T0iojW1dfc92cb","workflowName":"My workflow","lastNodeExecuted":"HTTP Request2","errorNodeType":"n8n-nodes-base.httpRequest","errorMessage":"The service was not able to process your request"}}
{"__type":"$$EventMessageConfirm","confirm":"f43fcaed-92eb-4bb2-a937-80ab545d0177","ts":"2025-12-30T19:56:37.913-05:00","source":{"id":"0","name":"eventBus"}}
{"__type":"$$EventMessageWorkflow","id":"8d3876bb-8090-4bb1-9e68-001e6ba96d62","ts":"2025-12-30T19:58:13.017-05:00","eventName":"n8n.workflow.started","message":"n8n.workflow.started","payload":{"executionId":"14","workflowId":"x5T0iojW1dfc92cb","isManual":false,"workflowName":"My workflow"}}
{"__type":"$$EventMessageConfirm","confirm":"8d3876bb-8090-4bb1-9e68-001e6ba96d62","ts":"2025-12-30T19:58:13.018-05:00","source":{"id":"0","name":"eventBus"}}
{"__type":"$$EventMessageNode","id":"9bc76a6e-fdae-400c-8d43-8d5d61cb695b","ts":"2025-12-30T19:58:13.018-05:00","eventName":"n8n.node.started","message":"n8n.node.started","payload":{"workflowId":"x5T0iojW1dfc92cb","workflowName":"My workflow","executionId":"14","nodeType":"n8n-nodes-base.webhook","nodeName":"File Uploaded","nodeId":"85ef8842-4465-428c-a54a-943f9e40962e"}}
{"__type":"$$EventMessageConfirm","confirm":"9bc76a6e-fdae-400c-8d43-8d5d61cb695b","ts":"2025-12-30T19:58:13.018-05:00","source":{"id":"0","name":"eventBus"}}
{"__type":"$$EventMessageNode","id":"490ef6b5-5e89-4dfb-b1eb-f0ac68d2d3fa","ts":"2025-12-30T19:58:13.019-05:00","eventName":"n8n.node.finished","message":"n8n.node.finished","payload":{"workflowId":"x5T0iojW1dfc92cb","workflowName":"My workflow","executionId":"14","nodeType":"n8n-nodes-base.webhook","nodeName":"File Uploaded","nodeId":"85ef8842-4465-428c-a54a-943f9e40962e"}}
{"__type":"$$EventMessageConfirm","confirm":"490ef6b5-5e89-4dfb-b1eb-f0ac68d2d3fa","ts":"2025-12-30T19:58:13.019-05:00","source":{"id":"0","name":"eventBus"}}
{"__type":"$$EventMessageNode","id":"bbbe63e3-99b1-49c9-9547-877beda68ba7","ts":"2025-12-30T19:58:13.019-05:00","eventName":"n8n.node.started","message":"n8n.node.started","payload":{"workflowId":"x5T0iojW1dfc92cb","workflowName":"My workflow","executionId":"14","nodeType":"n8n-nodes-base.httpRequest","nodeName":"HTTP Request","nodeId":"0c92071e-710f-43fe-952f-60e9b7e5ce98"}}
{"__type":"$$EventMessageConfirm","confirm":"bbbe63e3-99b1-49c9-9547-877beda68ba7","ts":"2025-12-30T19:58:13.019-05:00","source":{"id":"0","name":"eventBus"}}
{"__type":"$$EventMessageNode","id":"862d9d74-5582-4aae-890c-aa3e1e57a89d","ts":"2025-12-30T19:58:13.176-05:00","eventName":"n8n.node.finished","message":"n8n.node.finished","payload":{"workflowId":"x5T0iojW1dfc92cb","workflowName":"My workflow","executionId":"14","nodeType":"n8n-nodes-base.httpRequest","nodeName":"HTTP Request","nodeId":"0c92071e-710f-43fe-952f-60e9b7e5ce98"}}
{"__type":"$$EventMessageConfirm","confirm":"862d9d74-5582-4aae-890c-aa3e1e57a89d","ts":"2025-12-30T19:58:13.176-05:00","source":{"id":"0","name":"eventBus"}}
{"__type":"$$EventMessageNode","id":"1ecfbffa-7225-44d7-a468-6fb6f9dec755","ts":"2025-12-30T19:58:13.177-05:00","eventName":"n8n.node.started","message":"n8n.node.started","payload":{"workflowId":"x5T0iojW1dfc92cb","workflowName":"My workflow","executionId":"14","nodeType":"n8n-nodes-base.code","nodeName":"Code in JavaScript","nodeId":"33bd4e07-6688-419d-9d0c-c4a09cc89ea4"}}
{"__type":"$$EventMessageConfirm","confirm":"1ecfbffa-7225-44d7-a468-6fb6f9dec755","ts":"2025-12-30T19:58:13.177-05:00","source":{"id":"0","name":"eventBus"}}
{"__type":"$$EventMessageRunner","id":"6133ea90-63e6-4a4f-8905-10f015d99665","ts":"2025-12-30T19:58:13.180-05:00","eventName":"n8n.runner.task.requested","message":"n8n.runner.task.requested","payload":{"taskId":"3F_sA-jH","nodeId":"33bd4e07-6688-419d-9d0c-c4a09cc89ea4","workflowId":"x5T0iojW1dfc92cb","executionId":"14"}}
{"__type":"$$EventMessageConfirm","confirm":"6133ea90-63e6-4a4f-8905-10f015d99665","ts":"2025-12-30T19:58:13.180-05:00","source":{"id":"0","name":"eventBus"}}
{"__type":"$$EventMessageRunner","id":"ea15fd2b-a94d-4085-a024-14f0972b0a9b","ts":"2025-12-30T19:58:13.195-05:00","eventName":"n8n.runner.response.received","message":"n8n.runner.response.received","payload":{"taskId":"3F_sA-jH","nodeId":"33bd4e07-6688-419d-9d0c-c4a09cc89ea4","workflowId":"x5T0iojW1dfc92cb","executionId":"14"}}
{"__type":"$$EventMessageConfirm","confirm":"ea15fd2b-a94d-4085-a024-14f0972b0a9b","ts":"2025-12-30T19:58:13.195-05:00","source":{"id":"0","name":"eventBus"}}
{"__type":"$$EventMessageNode","id":"0f82af61-afac-44f8-975a-7930f3acddf4","ts":"2025-12-30T19:58:13.195-05:00","eventName":"n8n.node.finished","message":"n8n.node.finished","payload":{"workflowId":"x5T0iojW1dfc92cb","workflowName":"My workflow","executionId":"14","nodeType":"n8n-nodes-base.code","nodeName":"Code in JavaScript","nodeId":"33bd4e07-6688-419d-9d0c-c4a09cc89ea4"}}
{"__type":"$$EventMessageConfirm","confirm":"0f82af61-afac-44f8-975a-7930f3acddf4","ts":"2025-12-30T19:58:13.195-05:00","source":{"id":"0","name":"eventBus"}}
{"__type":"$$EventMessageNode","id":"34886794-05cf-4f45-b984-6766b3f8e109","ts":"2025-12-30T19:58:13.195-05:00","eventName":"n8n.node.started","message":"n8n.node.started","payload":{"workflowId":"x5T0iojW1dfc92cb","workflowName":"My workflow","executionId":"14","nodeType":"n8n-nodes-base.code","nodeName":"Code in JavaScript1","nodeId":"0b0f2df5-9d70-4f31-877c-3b197150c344"}}
{"__type":"$$EventMessageConfirm","confirm":"34886794-05cf-4f45-b984-6766b3f8e109","ts":"2025-12-30T19:58:13.195-05:00","source":{"id":"0","name":"eventBus"}}
{"__type":"$$EventMessageRunner","id":"4102e16c-ff91-4784-a22a-33c82da1f62e","ts":"2025-12-30T19:58:13.196-05:00","eventName":"n8n.runner.task.requested","message":"n8n.runner.task.requested","payload":{"taskId":"6P2CpL34","nodeId":"0b0f2df5-9d70-4f31-877c-3b197150c344","workflowId":"x5T0iojW1dfc92cb","executionId":"14"}}
{"__type":"$$EventMessageConfirm","confirm":"4102e16c-ff91-4784-a22a-33c82da1f62e","ts":"2025-12-30T19:58:13.196-05:00","source":{"id":"0","name":"eventBus"}}
{"__type":"$$EventMessageRunner","id":"c6c69aea-7d73-4243-a643-0421789041bf","ts":"2025-12-30T19:58:13.200-05:00","eventName":"n8n.runner.response.received","message":"n8n.runner.response.received","payload":{"taskId":"6P2CpL34","nodeId":"0b0f2df5-9d70-4f31-877c-3b197150c344","workflowId":"x5T0iojW1dfc92cb","executionId":"14"}}
{"__type":"$$EventMessageConfirm","confirm":"c6c69aea-7d73-4243-a643-0421789041bf","ts":"2025-12-30T19:58:13.200-05:00","source":{"id":"0","name":"eventBus"}}
{"__type":"$$EventMessageNode","id":"840c4bc3-da5a-45f8-8977-473fa5f5149c","ts":"2025-12-30T19:58:13.200-05:00","eventName":"n8n.node.finished","message":"n8n.node.finished","payload":{"workflowId":"x5T0iojW1dfc92cb","workflowName":"My workflow","executionId":"14","nodeType":"n8n-nodes-base.code","nodeName":"Code in JavaScript1","nodeId":"0b0f2df5-9d70-4f31-877c-3b197150c344"}}
{"__type":"$$EventMessageConfirm","confirm":"840c4bc3-da5a-45f8-8977-473fa5f5149c","ts":"2025-12-30T19:58:13.200-05:00","source":{"id":"0","name":"eventBus"}}
{"__type":"$$EventMessageNode","id":"42e2314e-6e4c-4ed1-b10b-c73103bdb90b","ts":"2025-12-30T19:58:13.200-05:00","eventName":"n8n.node.started","message":"n8n.node.started","payload":{"workflowId":"x5T0iojW1dfc92cb","workflowName":"My workflow","executionId":"14","nodeType":"n8n-nodes-base.httpRequest","nodeName":"HTTP Request1","nodeId":"2b19f6dd-6752-4804-a908-7762e264d80d"}}
{"__type":"$$EventMessageConfirm","confirm":"42e2314e-6e4c-4ed1-b10b-c73103bdb90b","ts":"2025-12-30T19:58:13.201-05:00","source":{"id":"0","name":"eventBus"}}
{"__type":"$$EventMessageNode","id":"beb3c066-6f54-4f01-9dc2-7033b86d43e7","ts":"2025-12-30T19:58:13.329-05:00","eventName":"n8n.node.finished","message":"n8n.node.finished","payload":{"workflowId":"x5T0iojW1dfc92cb","workflowName":"My workflow","executionId":"14","nodeType":"n8n-nodes-base.httpRequest","nodeName":"HTTP Request1","nodeId":"2b19f6dd-6752-4804-a908-7762e264d80d"}}
{"__type":"$$EventMessageConfirm","confirm":"beb3c066-6f54-4f01-9dc2-7033b86d43e7","ts":"2025-12-30T19:58:13.329-05:00","source":{"id":"0","name":"eventBus"}}
{"__type":"$$EventMessageNode","id":"0348d3be-7631-45bb-b889-9c3365055426","ts":"2025-12-30T19:58:13.329-05:00","eventName":"n8n.node.started","message":"n8n.node.started","payload":{"workflowId":"x5T0iojW1dfc92cb","workflowName":"My workflow","executionId":"14","nodeType":"n8n-nodes-base.httpRequest","nodeName":"HTTP Request2","nodeId":"6d3fe4e8-3869-4f69-984d-9e1de35f4bd0"}}
{"__type":"$$EventMessageConfirm","confirm":"0348d3be-7631-45bb-b889-9c3365055426","ts":"2025-12-30T19:58:13.329-05:00","source":{"id":"0","name":"eventBus"}}
{"__type":"$$EventMessageNode","id":"ac1625c4-f197-4006-8a0f-9db6e0025c25","ts":"2025-12-30T19:58:13.430-05:00","eventName":"n8n.node.finished","message":"n8n.node.finished","payload":{"workflowId":"x5T0iojW1dfc92cb","workflowName":"My workflow","executionId":"14","nodeType":"n8n-nodes-base.httpRequest","nodeName":"HTTP Request2","nodeId":"6d3fe4e8-3869-4f69-984d-9e1de35f4bd0"}}
{"__type":"$$EventMessageConfirm","confirm":"ac1625c4-f197-4006-8a0f-9db6e0025c25","ts":"2025-12-30T19:58:13.430-05:00","source":{"id":"0","name":"eventBus"}}
{"__type":"$$EventMessageWorkflow","id":"97bb3df2-279f-4b54-bc62-b84d1d8b74ae","ts":"2025-12-30T19:58:13.431-05:00","eventName":"n8n.workflow.failed","message":"n8n.workflow.failed","payload":{"executionId":"14","success":false,"isManual":false,"workflowId":"x5T0iojW1dfc92cb","workflowName":"My workflow","lastNodeExecuted":"HTTP Request2","errorNodeType":"n8n-nodes-base.httpRequest","errorMessage":"The service was not able to process your request"}}
{"__type":"$$EventMessageConfirm","confirm":"97bb3df2-279f-4b54-bc62-b84d1d8b74ae","ts":"2025-12-30T19:58:13.431-05:00","source":{"id":"0","name":"eventBus"}}
{"__type":"$$EventMessageWorkflow","id":"57000969-29be-459a-a09b-c0198c8e0e31","ts":"2025-12-30T19:59:28.772-05:00","eventName":"n8n.workflow.started","message":"n8n.workflow.started","payload":{"executionId":"15","workflowId":"x5T0iojW1dfc92cb","isManual":false,"workflowName":"My workflow"}}
{"__type":"$$EventMessageConfirm","confirm":"57000969-29be-459a-a09b-c0198c8e0e31","ts":"2025-12-30T19:59:28.772-05:00","source":{"id":"0","name":"eventBus"}}
{"__type":"$$EventMessageNode","id":"5a4d4ae1-c9bb-4ec8-aae3-1b19b533337b","ts":"2025-12-30T19:59:28.773-05:00","eventName":"n8n.node.started","message":"n8n.node.started","payload":{"workflowId":"x5T0iojW1dfc92cb","workflowName":"My workflow","executionId":"15","nodeType":"n8n-nodes-base.webhook","nodeName":"File Uploaded","nodeId":"85ef8842-4465-428c-a54a-943f9e40962e"}}
{"__type":"$$EventMessageConfirm","confirm":"5a4d4ae1-c9bb-4ec8-aae3-1b19b533337b","ts":"2025-12-30T19:59:28.773-05:00","source":{"id":"0","name":"eventBus"}}
{"__type":"$$EventMessageNode","id":"ce26d217-c41a-4fdd-8992-3dc4102225cb","ts":"2025-12-30T19:59:28.773-05:00","eventName":"n8n.node.finished","message":"n8n.node.finished","payload":{"workflowId":"x5T0iojW1dfc92cb","workflowName":"My workflow","executionId":"15","nodeType":"n8n-nodes-base.webhook","nodeName":"File Uploaded","nodeId":"85ef8842-4465-428c-a54a-943f9e40962e"}}
{"__type":"$$EventMessageConfirm","confirm":"ce26d217-c41a-4fdd-8992-3dc4102225cb","ts":"2025-12-30T19:59:28.773-05:00","source":{"id":"0","name":"eventBus"}}
{"__type":"$$EventMessageNode","id":"b68ece57-a0e8-4558-85eb-81986a491280","ts":"2025-12-30T19:59:28.773-05:00","eventName":"n8n.node.started","message":"n8n.node.started","payload":{"workflowId":"x5T0iojW1dfc92cb","workflowName":"My workflow","executionId":"15","nodeType":"n8n-nodes-base.httpRequest","nodeName":"HTTP Request","nodeId":"0c92071e-710f-43fe-952f-60e9b7e5ce98"}}
{"__type":"$$EventMessageConfirm","confirm":"b68ece57-a0e8-4558-85eb-81986a491280","ts":"2025-12-30T19:59:28.773-05:00","source":{"id":"0","name":"eventBus"}}
{"__type":"$$EventMessageNode","id":"9c098471-0a46-4942-bc2f-c6a3a06d7ec8","ts":"2025-12-30T19:59:28.906-05:00","eventName":"n8n.node.finished","message":"n8n.node.finished","payload":{"workflowId":"x5T0iojW1dfc92cb","workflowName":"My workflow","executionId":"15","nodeType":"n8n-nodes-base.httpRequest","nodeName":"HTTP Request","nodeId":"0c92071e-710f-43fe-952f-60e9b7e5ce98"}}
{"__type":"$$EventMessageConfirm","confirm":"9c098471-0a46-4942-bc2f-c6a3a06d7ec8","ts":"2025-12-30T19:59:28.906-05:00","source":{"id":"0","name":"eventBus"}}
{"__type":"$$EventMessageNode","id":"d1ea8515-a7d2-43c2-835b-ad0315edda9f","ts":"2025-12-30T19:59:28.906-05:00","eventName":"n8n.node.started","message":"n8n.node.started","payload":{"workflowId":"x5T0iojW1dfc92cb","workflowName":"My workflow","executionId":"15","nodeType":"n8n-nodes-base.code","nodeName":"Code in JavaScript","nodeId":"33bd4e07-6688-419d-9d0c-c4a09cc89ea4"}}
{"__type":"$$EventMessageConfirm","confirm":"d1ea8515-a7d2-43c2-835b-ad0315edda9f","ts":"2025-12-30T19:59:28.906-05:00","source":{"id":"0","name":"eventBus"}}
{"__type":"$$EventMessageRunner","id":"c9692a27-3bdf-4d0b-9975-7a35562e4db8","ts":"2025-12-30T19:59:28.909-05:00","eventName":"n8n.runner.task.requested","message":"n8n.runner.task.requested","payload":{"taskId":"UM0aqHxe","nodeId":"33bd4e07-6688-419d-9d0c-c4a09cc89ea4","workflowId":"x5T0iojW1dfc92cb","executionId":"15"}}
{"__type":"$$EventMessageConfirm","confirm":"c9692a27-3bdf-4d0b-9975-7a35562e4db8","ts":"2025-12-30T19:59:28.909-05:00","source":{"id":"0","name":"eventBus"}}
{"__type":"$$EventMessageRunner","id":"bb455296-36ac-411f-9209-bc3bebf5beb3","ts":"2025-12-30T19:59:28.922-05:00","eventName":"n8n.runner.response.received","message":"n8n.runner.response.received","payload":{"taskId":"UM0aqHxe","nodeId":"33bd4e07-6688-419d-9d0c-c4a09cc89ea4","workflowId":"x5T0iojW1dfc92cb","executionId":"15"}}
{"__type":"$$EventMessageConfirm","confirm":"bb455296-36ac-411f-9209-bc3bebf5beb3","ts":"2025-12-30T19:59:28.922-05:00","source":{"id":"0","name":"eventBus"}}
{"__type":"$$EventMessageNode","id":"fb47edf1-904b-45f9-b559-1a641e8358c2","ts":"2025-12-30T19:59:28.922-05:00","eventName":"n8n.node.finished","message":"n8n.node.finished","payload":{"workflowId":"x5T0iojW1dfc92cb","workflowName":"My workflow","executionId":"15","nodeType":"n8n-nodes-base.code","nodeName":"Code in JavaScript","nodeId":"33bd4e07-6688-419d-9d0c-c4a09cc89ea4"}}
{"__type":"$$EventMessageConfirm","confirm":"fb47edf1-904b-45f9-b559-1a641e8358c2","ts":"2025-12-30T19:59:28.922-05:00","source":{"id":"0","name":"eventBus"}}
{"__type":"$$EventMessageNode","id":"0734219c-9b37-4c03-bc58-d03edfadaf41","ts":"2025-12-30T19:59:28.922-05:00","eventName":"n8n.node.started","message":"n8n.node.started","payload":{"workflowId":"x5T0iojW1dfc92cb","workflowName":"My workflow","executionId":"15","nodeType":"n8n-nodes-base.code","nodeName":"Code in JavaScript1","nodeId":"0b0f2df5-9d70-4f31-877c-3b197150c344"}}
{"__type":"$$EventMessageConfirm","confirm":"0734219c-9b37-4c03-bc58-d03edfadaf41","ts":"2025-12-30T19:59:28.922-05:00","source":{"id":"0","name":"eventBus"}}
{"__type":"$$EventMessageRunner","id":"94cef316-6ca8-4f42-a972-a3be2507e1ef","ts":"2025-12-30T19:59:28.922-05:00","eventName":"n8n.runner.task.requested","message":"n8n.runner.task.requested","payload":{"taskId":"URM_O_dt","nodeId":"0b0f2df5-9d70-4f31-877c-3b197150c344","workflowId":"x5T0iojW1dfc92cb","executionId":"15"}}
{"__type":"$$EventMessageConfirm","confirm":"94cef316-6ca8-4f42-a972-a3be2507e1ef","ts":"2025-12-30T19:59:28.923-05:00","source":{"id":"0","name":"eventBus"}}
{"__type":"$$EventMessageRunner","id":"be1a3749-dd8c-4c68-a1ce-0fcecc098985","ts":"2025-12-30T19:59:28.927-05:00","eventName":"n8n.runner.response.received","message":"n8n.runner.response.received","payload":{"taskId":"URM_O_dt","nodeId":"0b0f2df5-9d70-4f31-877c-3b197150c344","workflowId":"x5T0iojW1dfc92cb","executionId":"15"}}
{"__type":"$$EventMessageConfirm","confirm":"be1a3749-dd8c-4c68-a1ce-0fcecc098985","ts":"2025-12-30T19:59:28.927-05:00","source":{"id":"0","name":"eventBus"}}
{"__type":"$$EventMessageNode","id":"aafccade-1a53-423b-9808-9b5254a799c9","ts":"2025-12-30T19:59:28.927-05:00","eventName":"n8n.node.finished","message":"n8n.node.finished","payload":{"workflowId":"x5T0iojW1dfc92cb","workflowName":"My workflow","executionId":"15","nodeType":"n8n-nodes-base.code","nodeName":"Code in JavaScript1","nodeId":"0b0f2df5-9d70-4f31-877c-3b197150c344"}}
{"__type":"$$EventMessageConfirm","confirm":"aafccade-1a53-423b-9808-9b5254a799c9","ts":"2025-12-30T19:59:28.927-05:00","source":{"id":"0","name":"eventBus"}}
{"__type":"$$EventMessageNode","id":"fbec2323-7941-410d-8986-78f3f206e8e5","ts":"2025-12-30T19:59:28.927-05:00","eventName":"n8n.node.started","message":"n8n.node.started","payload":{"workflowId":"x5T0iojW1dfc92cb","workflowName":"My workflow","executionId":"15","nodeType":"n8n-nodes-base.httpRequest","nodeName":"HTTP Request1","nodeId":"2b19f6dd-6752-4804-a908-7762e264d80d"}}
{"__type":"$$EventMessageConfirm","confirm":"fbec2323-7941-410d-8986-78f3f206e8e5","ts":"2025-12-30T19:59:28.927-05:00","source":{"id":"0","name":"eventBus"}}
{"__type":"$$EventMessageNode","id":"d62bde2d-68a5-46d2-ad71-d030e3bd5cde","ts":"2025-12-30T19:59:29.088-05:00","eventName":"n8n.node.finished","message":"n8n.node.finished","payload":{"workflowId":"x5T0iojW1dfc92cb","workflowName":"My workflow","executionId":"15","nodeType":"n8n-nodes-base.httpRequest","nodeName":"HTTP Request1","nodeId":"2b19f6dd-6752-4804-a908-7762e264d80d"}}
{"__type":"$$EventMessageConfirm","confirm":"d62bde2d-68a5-46d2-ad71-d030e3bd5cde","ts":"2025-12-30T19:59:29.089-05:00","source":{"id":"0","name":"eventBus"}}
{"__type":"$$EventMessageNode","id":"3267cf8f-e1d2-4c8f-8254-f18d1f28ce62","ts":"2025-12-30T19:59:29.089-05:00","eventName":"n8n.node.started","message":"n8n.node.started","payload":{"workflowId":"x5T0iojW1dfc92cb","workflowName":"My workflow","executionId":"15","nodeType":"n8n-nodes-base.httpRequest","nodeName":"HTTP Request2","nodeId":"6d3fe4e8-3869-4f69-984d-9e1de35f4bd0"}}
{"__type":"$$EventMessageConfirm","confirm":"3267cf8f-e1d2-4c8f-8254-f18d1f28ce62","ts":"2025-12-30T19:59:29.089-05:00","source":{"id":"0","name":"eventBus"}}
{"__type":"$$EventMessageNode","id":"869c9ade-34c8-4ea3-8d2b-5f3ac9a9f53a","ts":"2025-12-30T19:59:29.203-05:00","eventName":"n8n.node.finished","message":"n8n.node.finished","payload":{"workflowId":"x5T0iojW1dfc92cb","workflowName":"My workflow","executionId":"15","nodeType":"n8n-nodes-base.httpRequest","nodeName":"HTTP Request2","nodeId":"6d3fe4e8-3869-4f69-984d-9e1de35f4bd0"}}
{"__type":"$$EventMessageConfirm","confirm":"869c9ade-34c8-4ea3-8d2b-5f3ac9a9f53a","ts":"2025-12-30T19:59:29.204-05:00","source":{"id":"0","name":"eventBus"}}
{"__type":"$$EventMessageWorkflow","id":"58580f0f-5ff1-463c-a65d-a0276ccba081","ts":"2025-12-30T19:59:29.204-05:00","eventName":"n8n.workflow.failed","message":"n8n.workflow.failed","payload":{"executionId":"15","success":false,"isManual":false,"workflowId":"x5T0iojW1dfc92cb","workflowName":"My workflow","lastNodeExecuted":"HTTP Request2","errorNodeType":"n8n-nodes-base.httpRequest","errorMessage":"The service was not able to process your request"}}
{"__type":"$$EventMessageConfirm","confirm":"58580f0f-5ff1-463c-a65d-a0276ccba081","ts":"2025-12-30T19:59:29.204-05:00","source":{"id":"0","name":"eventBus"}}
{"__type":"$$EventMessageWorkflow","id":"b814c3c5-64ab-48e6-ace0-0a514481f407","ts":"2025-12-30T20:01:16.954-05:00","eventName":"n8n.workflow.started","message":"n8n.workflow.started","payload":{"executionId":"16","workflowId":"x5T0iojW1dfc92cb","isManual":false,"workflowName":"My workflow"}}
{"__type":"$$EventMessageConfirm","confirm":"b814c3c5-64ab-48e6-ace0-0a514481f407","ts":"2025-12-30T20:01:16.955-05:00","source":{"id":"0","name":"eventBus"}}
{"__type":"$$EventMessageNode","id":"a4ff914e-71f7-40b5-a7e9-0eae8881d096","ts":"2025-12-30T20:01:16.955-05:00","eventName":"n8n.node.started","message":"n8n.node.started","payload":{"workflowId":"x5T0iojW1dfc92cb","workflowName":"My workflow","executionId":"16","nodeType":"n8n-nodes-base.webhook","nodeName":"File Uploaded","nodeId":"85ef8842-4465-428c-a54a-943f9e40962e"}}
{"__type":"$$EventMessageConfirm","confirm":"a4ff914e-71f7-40b5-a7e9-0eae8881d096","ts":"2025-12-30T20:01:16.955-05:00","source":{"id":"0","name":"eventBus"}}
{"__type":"$$EventMessageNode","id":"82037cb7-6f32-4089-ae0a-42c9965f2369","ts":"2025-12-30T20:01:16.956-05:00","eventName":"n8n.node.finished","message":"n8n.node.finished","payload":{"workflowId":"x5T0iojW1dfc92cb","workflowName":"My workflow","executionId":"16","nodeType":"n8n-nodes-base.webhook","nodeName":"File Uploaded","nodeId":"85ef8842-4465-428c-a54a-943f9e40962e"}}
{"__type":"$$EventMessageConfirm","confirm":"82037cb7-6f32-4089-ae0a-42c9965f2369","ts":"2025-12-30T20:01:16.956-05:00","source":{"id":"0","name":"eventBus"}}
{"__type":"$$EventMessageNode","id":"f50f6daa-824e-463b-9739-35f93196b262","ts":"2025-12-30T20:01:16.956-05:00","eventName":"n8n.node.started","message":"n8n.node.started","payload":{"workflowId":"x5T0iojW1dfc92cb","workflowName":"My workflow","executionId":"16","nodeType":"n8n-nodes-base.httpRequest","nodeName":"HTTP Request","nodeId":"0c92071e-710f-43fe-952f-60e9b7e5ce98"}}
{"__type":"$$EventMessageConfirm","confirm":"f50f6daa-824e-463b-9739-35f93196b262","ts":"2025-12-30T20:01:16.956-05:00","source":{"id":"0","name":"eventBus"}}
{"__type":"$$EventMessageNode","id":"65794d36-239c-41b1-bb64-45f479d60c50","ts":"2025-12-30T20:01:17.095-05:00","eventName":"n8n.node.finished","message":"n8n.node.finished","payload":{"workflowId":"x5T0iojW1dfc92cb","workflowName":"My workflow","executionId":"16","nodeType":"n8n-nodes-base.httpRequest","nodeName":"HTTP Request","nodeId":"0c92071e-710f-43fe-952f-60e9b7e5ce98"}}
{"__type":"$$EventMessageConfirm","confirm":"65794d36-239c-41b1-bb64-45f479d60c50","ts":"2025-12-30T20:01:17.095-05:00","source":{"id":"0","name":"eventBus"}}
{"__type":"$$EventMessageNode","id":"134df82e-15f5-4452-a4eb-dd5afcde11e1","ts":"2025-12-30T20:01:17.095-05:00","eventName":"n8n.node.started","message":"n8n.node.started","payload":{"workflowId":"x5T0iojW1dfc92cb","workflowName":"My workflow","executionId":"16","nodeType":"n8n-nodes-base.code","nodeName":"Code in JavaScript","nodeId":"33bd4e07-6688-419d-9d0c-c4a09cc89ea4"}}
{"__type":"$$EventMessageConfirm","confirm":"134df82e-15f5-4452-a4eb-dd5afcde11e1","ts":"2025-12-30T20:01:17.095-05:00","source":{"id":"0","name":"eventBus"}}
{"__type":"$$EventMessageRunner","id":"2c9ec01e-b83d-43b6-a1a1-c7b7ac41264e","ts":"2025-12-30T20:01:17.098-05:00","eventName":"n8n.runner.task.requested","message":"n8n.runner.task.requested","payload":{"taskId":"WzexNJmN","nodeId":"33bd4e07-6688-419d-9d0c-c4a09cc89ea4","workflowId":"x5T0iojW1dfc92cb","executionId":"16"}}
{"__type":"$$EventMessageConfirm","confirm":"2c9ec01e-b83d-43b6-a1a1-c7b7ac41264e","ts":"2025-12-30T20:01:17.098-05:00","source":{"id":"0","name":"eventBus"}}
{"__type":"$$EventMessageRunner","id":"a2519f44-afff-4e3e-aef9-ce035320130f","ts":"2025-12-30T20:01:17.113-05:00","eventName":"n8n.runner.response.received","message":"n8n.runner.response.received","payload":{"taskId":"WzexNJmN","nodeId":"33bd4e07-6688-419d-9d0c-c4a09cc89ea4","workflowId":"x5T0iojW1dfc92cb","executionId":"16"}}
{"__type":"$$EventMessageConfirm","confirm":"a2519f44-afff-4e3e-aef9-ce035320130f","ts":"2025-12-30T20:01:17.113-05:00","source":{"id":"0","name":"eventBus"}}
{"__type":"$$EventMessageNode","id":"b68373da-976e-4820-80fd-d65197ac2a19","ts":"2025-12-30T20:01:17.113-05:00","eventName":"n8n.node.finished","message":"n8n.node.finished","payload":{"workflowId":"x5T0iojW1dfc92cb","workflowName":"My workflow","executionId":"16","nodeType":"n8n-nodes-base.code","nodeName":"Code in JavaScript","nodeId":"33bd4e07-6688-419d-9d0c-c4a09cc89ea4"}}
{"__type":"$$EventMessageConfirm","confirm":"b68373da-976e-4820-80fd-d65197ac2a19","ts":"2025-12-30T20:01:17.113-05:00","source":{"id":"0","name":"eventBus"}}
{"__type":"$$EventMessageNode","id":"e1b6ba0a-bbc1-4673-b3ca-1b6d0ad301f2","ts":"2025-12-30T20:01:17.113-05:00","eventName":"n8n.node.started","message":"n8n.node.started","payload":{"workflowId":"x5T0iojW1dfc92cb","workflowName":"My workflow","executionId":"16","nodeType":"n8n-nodes-base.code","nodeName":"Code in JavaScript1","nodeId":"0b0f2df5-9d70-4f31-877c-3b197150c344"}}
{"__type":"$$EventMessageConfirm","confirm":"e1b6ba0a-bbc1-4673-b3ca-1b6d0ad301f2","ts":"2025-12-30T20:01:17.113-05:00","source":{"id":"0","name":"eventBus"}}
{"__type":"$$EventMessageRunner","id":"a13931f4-be07-4966-986b-e9a105ec664b","ts":"2025-12-30T20:01:17.117-05:00","eventName":"n8n.runner.task.requested","message":"n8n.runner.task.requested","payload":{"taskId":"9TvJkXvv","nodeId":"0b0f2df5-9d70-4f31-877c-3b197150c344","workflowId":"x5T0iojW1dfc92cb","executionId":"16"}}
{"__type":"$$EventMessageConfirm","confirm":"a13931f4-be07-4966-986b-e9a105ec664b","ts":"2025-12-30T20:01:17.117-05:00","source":{"id":"0","name":"eventBus"}}
{"__type":"$$EventMessageRunner","id":"5db0d864-7695-4e95-8dac-8d3bb5e7aa5d","ts":"2025-12-30T20:01:17.121-05:00","eventName":"n8n.runner.response.received","message":"n8n.runner.response.received","payload":{"taskId":"9TvJkXvv","nodeId":"0b0f2df5-9d70-4f31-877c-3b197150c344","workflowId":"x5T0iojW1dfc92cb","executionId":"16"}}
{"__type":"$$EventMessageConfirm","confirm":"5db0d864-7695-4e95-8dac-8d3bb5e7aa5d","ts":"2025-12-30T20:01:17.121-05:00","source":{"id":"0","name":"eventBus"}}
{"__type":"$$EventMessageNode","id":"72566bf5-6b4c-4bd3-a3f3-5f1f1643cb72","ts":"2025-12-30T20:01:17.121-05:00","eventName":"n8n.node.finished","message":"n8n.node.finished","payload":{"workflowId":"x5T0iojW1dfc92cb","workflowName":"My workflow","executionId":"16","nodeType":"n8n-nodes-base.code","nodeName":"Code in JavaScript1","nodeId":"0b0f2df5-9d70-4f31-877c-3b197150c344"}}
{"__type":"$$EventMessageConfirm","confirm":"72566bf5-6b4c-4bd3-a3f3-5f1f1643cb72","ts":"2025-12-30T20:01:17.121-05:00","source":{"id":"0","name":"eventBus"}}
{"__type":"$$EventMessageNode","id":"e5645436-8ce1-49da-8636-8834f6195e2b","ts":"2025-12-30T20:01:17.121-05:00","eventName":"n8n.node.started","message":"n8n.node.started","payload":{"workflowId":"x5T0iojW1dfc92cb","workflowName":"My workflow","executionId":"16","nodeType":"n8n-nodes-base.httpRequest","nodeName":"HTTP Request1","nodeId":"2b19f6dd-6752-4804-a908-7762e264d80d"}}
{"__type":"$$EventMessageConfirm","confirm":"e5645436-8ce1-49da-8636-8834f6195e2b","ts":"2025-12-30T20:01:17.121-05:00","source":{"id":"0","name":"eventBus"}}
{"__type":"$$EventMessageNode","id":"15faf17f-8da4-4e43-8725-0f7a1b0eedf0","ts":"2025-12-30T20:01:17.242-05:00","eventName":"n8n.node.finished","message":"n8n.node.finished","payload":{"workflowId":"x5T0iojW1dfc92cb","workflowName":"My workflow","executionId":"16","nodeType":"n8n-nodes-base.httpRequest","nodeName":"HTTP Request1","nodeId":"2b19f6dd-6752-4804-a908-7762e264d80d"}}
{"__type":"$$EventMessageConfirm","confirm":"15faf17f-8da4-4e43-8725-0f7a1b0eedf0","ts":"2025-12-30T20:01:17.242-05:00","source":{"id":"0","name":"eventBus"}}
{"__type":"$$EventMessageNode","id":"f5819954-a947-41cd-937c-fba81c232990","ts":"2025-12-30T20:01:17.242-05:00","eventName":"n8n.node.started","message":"n8n.node.started","payload":{"workflowId":"x5T0iojW1dfc92cb","workflowName":"My workflow","executionId":"16","nodeType":"n8n-nodes-base.httpRequest","nodeName":"HTTP Request2","nodeId":"6d3fe4e8-3869-4f69-984d-9e1de35f4bd0"}}
{"__type":"$$EventMessageConfirm","confirm":"f5819954-a947-41cd-937c-fba81c232990","ts":"2025-12-30T20:01:17.242-05:00","source":{"id":"0","name":"eventBus"}}
{"__type":"$$EventMessageNode","id":"49eea546-404a-4670-ba31-e6160124ec2e","ts":"2025-12-30T20:01:17.430-05:00","eventName":"n8n.node.finished","message":"n8n.node.finished","payload":{"workflowId":"x5T0iojW1dfc92cb","workflowName":"My workflow","executionId":"16","nodeType":"n8n-nodes-base.httpRequest","nodeName":"HTTP Request2","nodeId":"6d3fe4e8-3869-4f69-984d-9e1de35f4bd0"}}
{"__type":"$$EventMessageConfirm","confirm":"49eea546-404a-4670-ba31-e6160124ec2e","ts":"2025-12-30T20:01:17.430-05:00","source":{"id":"0","name":"eventBus"}}
{"__type":"$$EventMessageWorkflow","id":"62e76209-52f1-44bb-a174-74bc9d568d37","ts":"2025-12-30T20:01:17.431-05:00","eventName":"n8n.workflow.failed","message":"n8n.workflow.failed","payload":{"executionId":"16","success":false,"isManual":false,"workflowId":"x5T0iojW1dfc92cb","workflowName":"My workflow","lastNodeExecuted":"HTTP Request2","errorNodeType":"n8n-nodes-base.httpRequest","errorMessage":"The service was not able to process your request"}}
{"__type":"$$EventMessageConfirm","confirm":"62e76209-52f1-44bb-a174-74bc9d568d37","ts":"2025-12-30T20:01:17.431-05:00","source":{"id":"0","name":"eventBus"}}
{"__type":"$$EventMessageAudit","id":"5ac571d8-f635-4269-9113-d02a7cbd0121","ts":"2025-12-30T20:19:15.979-05:00","eventName":"n8n.audit.workflow.updated","message":"n8n.audit.workflow.updated","payload":{"userId":"78726ac8-1ad3-4f74-8b97-b703a6562dca","_email":"lohit.b@oneorigin.us","_firstName":"lohit","_lastName":"botta","globalRole":"global:owner","workflowId":"x5T0iojW1dfc92cb","workflowName":"My workflow"}}
{"__type":"$$EventMessageConfirm","confirm":"5ac571d8-f635-4269-9113-d02a7cbd0121","ts":"2025-12-30T20:19:15.980-05:00","source":{"id":"0","name":"eventBus"}}
{"__type":"$$EventMessageWorkflow","id":"f1b1e134-da51-466e-adaf-511b77cdcc16","ts":"2025-12-30T20:19:34.383-05:00","eventName":"n8n.workflow.started","message":"n8n.workflow.started","payload":{"executionId":"17","workflowId":"x5T0iojW1dfc92cb","isManual":false,"workflowName":"My workflow"}}
{"__type":"$$EventMessageConfirm","confirm":"f1b1e134-da51-466e-adaf-511b77cdcc16","ts":"2025-12-30T20:19:34.383-05:00","source":{"id":"0","name":"eventBus"}}
{"__type":"$$EventMessageNode","id":"a11c465e-cd8c-4f20-80b3-abc63a75b8ed","ts":"2025-12-30T20:19:34.384-05:00","eventName":"n8n.node.started","message":"n8n.node.started","payload":{"workflowId":"x5T0iojW1dfc92cb","workflowName":"My workflow","executionId":"17","nodeType":"n8n-nodes-base.webhook","nodeName":"File Uploaded","nodeId":"85ef8842-4465-428c-a54a-943f9e40962e"}}
{"__type":"$$EventMessageConfirm","confirm":"a11c465e-cd8c-4f20-80b3-abc63a75b8ed","ts":"2025-12-30T20:19:34.384-05:00","source":{"id":"0","name":"eventBus"}}
{"__type":"$$EventMessageNode","id":"5643e0ab-4dcc-49e9-9841-3c0c750c6e6c","ts":"2025-12-30T20:19:34.384-05:00","eventName":"n8n.node.finished","message":"n8n.node.finished","payload":{"workflowId":"x5T0iojW1dfc92cb","workflowName":"My workflow","executionId":"17","nodeType":"n8n-nodes-base.webhook","nodeName":"File Uploaded","nodeId":"85ef8842-4465-428c-a54a-943f9e40962e"}}
{"__type":"$$EventMessageConfirm","confirm":"5643e0ab-4dcc-49e9-9841-3c0c750c6e6c","ts":"2025-12-30T20:19:34.384-05:00","source":{"id":"0","name":"eventBus"}}
{"__type":"$$EventMessageNode","id":"1b3be354-e4b3-4e1a-9a71-6225cffe1db5","ts":"2025-12-30T20:19:34.384-05:00","eventName":"n8n.node.started","message":"n8n.node.started","payload":{"workflowId":"x5T0iojW1dfc92cb","workflowName":"My workflow","executionId":"17","nodeType":"n8n-nodes-base.httpRequest","nodeName":"HTTP Request","nodeId":"0c92071e-710f-43fe-952f-60e9b7e5ce98"}}
{"__type":"$$EventMessageConfirm","confirm":"1b3be354-e4b3-4e1a-9a71-6225cffe1db5","ts":"2025-12-30T20:19:34.385-05:00","source":{"id":"0","name":"eventBus"}}
{"__type":"$$EventMessageNode","id":"5ed175f9-8663-4705-a339-4a29615be608","ts":"2025-12-30T20:19:34.572-05:00","eventName":"n8n.node.finished","message":"n8n.node.finished","payload":{"workflowId":"x5T0iojW1dfc92cb","workflowName":"My workflow","executionId":"17","nodeType":"n8n-nodes-base.httpRequest","nodeName":"HTTP Request","nodeId":"0c92071e-710f-43fe-952f-60e9b7e5ce98"}}
{"__type":"$$EventMessageConfirm","confirm":"5ed175f9-8663-4705-a339-4a29615be608","ts":"2025-12-30T20:19:34.572-05:00","source":{"id":"0","name":"eventBus"}}
{"__type":"$$EventMessageNode","id":"58e61b70-ab73-4e5c-9e0f-75b47fccbaa8","ts":"2025-12-30T20:19:34.572-05:00","eventName":"n8n.node.started","message":"n8n.node.started","payload":{"workflowId":"x5T0iojW1dfc92cb","workflowName":"My workflow","executionId":"17","nodeType":"n8n-nodes-base.code","nodeName":"Code in JavaScript","nodeId":"33bd4e07-6688-419d-9d0c-c4a09cc89ea4"}}
{"__type":"$$EventMessageConfirm","confirm":"58e61b70-ab73-4e5c-9e0f-75b47fccbaa8","ts":"2025-12-30T20:19:34.572-05:00","source":{"id":"0","name":"eventBus"}}
{"__type":"$$EventMessageRunner","id":"bba0f26e-ec1f-4305-a35a-17765d1cd535","ts":"2025-12-30T20:19:34.577-05:00","eventName":"n8n.runner.task.requested","message":"n8n.runner.task.requested","payload":{"taskId":"vqtK2nPp","nodeId":"33bd4e07-6688-419d-9d0c-c4a09cc89ea4","workflowId":"x5T0iojW1dfc92cb","executionId":"17"}}
{"__type":"$$EventMessageConfirm","confirm":"bba0f26e-ec1f-4305-a35a-17765d1cd535","ts":"2025-12-30T20:19:34.577-05:00","source":{"id":"0","name":"eventBus"}}
{"__type":"$$EventMessageRunner","id":"01053aa5-e008-403c-8f42-7a6b0ac7e8e2","ts":"2025-12-30T20:19:34.593-05:00","eventName":"n8n.runner.response.received","message":"n8n.runner.response.received","payload":{"taskId":"vqtK2nPp","nodeId":"33bd4e07-6688-419d-9d0c-c4a09cc89ea4","workflowId":"x5T0iojW1dfc92cb","executionId":"17"}}
{"__type":"$$EventMessageConfirm","confirm":"01053aa5-e008-403c-8f42-7a6b0ac7e8e2","ts":"2025-12-30T20:19:34.593-05:00","source":{"id":"0","name":"eventBus"}}
{"__type":"$$EventMessageNode","id":"4b77ad94-b076-4673-b7dd-f608015ed0f9","ts":"2025-12-30T20:19:34.593-05:00","eventName":"n8n.node.finished","message":"n8n.node.finished","payload":{"workflowId":"x5T0iojW1dfc92cb","workflowName":"My workflow","executionId":"17","nodeType":"n8n-nodes-base.code","nodeName":"Code in JavaScript","nodeId":"33bd4e07-6688-419d-9d0c-c4a09cc89ea4"}}
{"__type":"$$EventMessageConfirm","confirm":"4b77ad94-b076-4673-b7dd-f608015ed0f9","ts":"2025-12-30T20:19:34.593-05:00","source":{"id":"0","name":"eventBus"}}
{"__type":"$$EventMessageNode","id":"b2bf8910-edeb-43b0-8f39-db0aaacb961d","ts":"2025-12-30T20:19:34.593-05:00","eventName":"n8n.node.started","message":"n8n.node.started","payload":{"workflowId":"x5T0iojW1dfc92cb","workflowName":"My workflow","executionId":"17","nodeType":"n8n-nodes-base.code","nodeName":"Code in JavaScript1","nodeId":"0b0f2df5-9d70-4f31-877c-3b197150c344"}}
{"__type":"$$EventMessageConfirm","confirm":"b2bf8910-edeb-43b0-8f39-db0aaacb961d","ts":"2025-12-30T20:19:34.593-05:00","source":{"id":"0","name":"eventBus"}}
{"__type":"$$EventMessageRunner","id":"de5257d7-88af-4a1f-999e-b3c779b7db4a","ts":"2025-12-30T20:19:34.594-05:00","eventName":"n8n.runner.task.requested","message":"n8n.runner.task.requested","payload":{"taskId":"MdojrPCj","nodeId":"0b0f2df5-9d70-4f31-877c-3b197150c344","workflowId":"x5T0iojW1dfc92cb","executionId":"17"}}
{"__type":"$$EventMessageConfirm","confirm":"de5257d7-88af-4a1f-999e-b3c779b7db4a","ts":"2025-12-30T20:19:34.594-05:00","source":{"id":"0","name":"eventBus"}}
{"__type":"$$EventMessageRunner","id":"050927d6-18c2-41d3-a2ba-01bec79c774e","ts":"2025-12-30T20:19:34.601-05:00","eventName":"n8n.runner.response.received","message":"n8n.runner.response.received","payload":{"taskId":"MdojrPCj","nodeId":"0b0f2df5-9d70-4f31-877c-3b197150c344","workflowId":"x5T0iojW1dfc92cb","executionId":"17"}}
{"__type":"$$EventMessageConfirm","confirm":"050927d6-18c2-41d3-a2ba-01bec79c774e","ts":"2025-12-30T20:19:34.601-05:00","source":{"id":"0","name":"eventBus"}}
{"__type":"$$EventMessageNode","id":"5d38e82f-6d92-4ef2-9901-479b406c2a05","ts":"2025-12-30T20:19:34.601-05:00","eventName":"n8n.node.finished","message":"n8n.node.finished","payload":{"workflowId":"x5T0iojW1dfc92cb","workflowName":"My workflow","executionId":"17","nodeType":"n8n-nodes-base.code","nodeName":"Code in JavaScript1","nodeId":"0b0f2df5-9d70-4f31-877c-3b197150c344"}}
{"__type":"$$EventMessageConfirm","confirm":"5d38e82f-6d92-4ef2-9901-479b406c2a05","ts":"2025-12-30T20:19:34.602-05:00","source":{"id":"0","name":"eventBus"}}
{"__type":"$$EventMessageNode","id":"6ccf8e0a-0a16-48a3-9993-aa77475feac1","ts":"2025-12-30T20:19:34.602-05:00","eventName":"n8n.node.started","message":"n8n.node.started","payload":{"workflowId":"x5T0iojW1dfc92cb","workflowName":"My workflow","executionId":"17","nodeType":"n8n-nodes-base.httpRequest","nodeName":"HTTP Request1","nodeId":"2b19f6dd-6752-4804-a908-7762e264d80d"}}
{"__type":"$$EventMessageConfirm","confirm":"6ccf8e0a-0a16-48a3-9993-aa77475feac1","ts":"2025-12-30T20:19:34.602-05:00","source":{"id":"0","name":"eventBus"}}
{"__type":"$$EventMessageNode","id":"0b4aaf3f-a7b9-4350-a0ca-b265622b29f5","ts":"2025-12-30T20:19:34.748-05:00","eventName":"n8n.node.finished","message":"n8n.node.finished","payload":{"workflowId":"x5T0iojW1dfc92cb","workflowName":"My workflow","executionId":"17","nodeType":"n8n-nodes-base.httpRequest","nodeName":"HTTP Request1","nodeId":"2b19f6dd-6752-4804-a908-7762e264d80d"}}
{"__type":"$$EventMessageConfirm","confirm":"0b4aaf3f-a7b9-4350-a0ca-b265622b29f5","ts":"2025-12-30T20:19:34.748-05:00","source":{"id":"0","name":"eventBus"}}
{"__type":"$$EventMessageNode","id":"1e637b55-aea3-4bd0-be5d-3bc5dd076020","ts":"2025-12-30T20:19:34.748-05:00","eventName":"n8n.node.started","message":"n8n.node.started","payload":{"workflowId":"x5T0iojW1dfc92cb","workflowName":"My workflow","executionId":"17","nodeType":"n8n-nodes-base.httpRequest","nodeName":"HTTP Request2","nodeId":"6d3fe4e8-3869-4f69-984d-9e1de35f4bd0"}}
{"__type":"$$EventMessageConfirm","confirm":"1e637b55-aea3-4bd0-be5d-3bc5dd076020","ts":"2025-12-30T20:19:34.748-05:00","source":{"id":"0","name":"eventBus"}}
{"__type":"$$EventMessageNode","id":"e65c3c4c-9beb-4b19-b674-966b75e05da6","ts":"2025-12-30T20:19:35.166-05:00","eventName":"n8n.node.finished","message":"n8n.node.finished","payload":{"workflowId":"x5T0iojW1dfc92cb","workflowName":"My workflow","executionId":"17","nodeType":"n8n-nodes-base.httpRequest","nodeName":"HTTP Request2","nodeId":"6d3fe4e8-3869-4f69-984d-9e1de35f4bd0"}}
{"__type":"$$EventMessageConfirm","confirm":"e65c3c4c-9beb-4b19-b674-966b75e05da6","ts":"2025-12-30T20:19:35.166-05:00","source":{"id":"0","name":"eventBus"}}
{"__type":"$$EventMessageWorkflow","id":"0908e07a-49c8-4d89-8b69-581b5fb65445","ts":"2025-12-30T20:19:35.167-05:00","eventName":"n8n.workflow.success","message":"n8n.workflow.success","payload":{"executionId":"17","success":true,"isManual":false,"workflowId":"x5T0iojW1dfc92cb","workflowName":"My workflow"}}
{"__type":"$$EventMessageConfirm","confirm":"0908e07a-49c8-4d89-8b69-581b5fb65445","ts":"2025-12-30T20:19:35.168-05:00","source":{"id":"0","name":"eventBus"}}
{"__type":"$$EventMessageAudit","id":"d891499f-8328-429f-b8ab-fe1bbf26a53f","ts":"2025-12-30T21:03:35.519-05:00","eventName":"n8n.audit.workflow.updated","message":"n8n.audit.workflow.updated","payload":{"userId":"78726ac8-1ad3-4f74-8b97-b703a6562dca","_email":"lohit.b@oneorigin.us","_firstName":"lohit","_lastName":"botta","globalRole":"global:owner","workflowId":"x5T0iojW1dfc92cb","workflowName":"My workflow"}}
{"__type":"$$EventMessageConfirm","confirm":"d891499f-8328-429f-b8ab-fe1bbf26a53f","ts":"2025-12-30T21:03:35.519-05:00","source":{"id":"0","name":"eventBus"}}
{"__type":"$$EventMessageWorkflow","id":"3ea78e15-3ecd-4c41-b247-beffaf05ff7b","ts":"2025-12-30T21:03:53.834-05:00","eventName":"n8n.workflow.started","message":"n8n.workflow.started","payload":{"executionId":"18","workflowId":"x5T0iojW1dfc92cb","isManual":false,"workflowName":"My workflow"}}
{"__type":"$$EventMessageConfirm","confirm":"3ea78e15-3ecd-4c41-b247-beffaf05ff7b","ts":"2025-12-30T21:03:53.834-05:00","source":{"id":"0","name":"eventBus"}}
{"__type":"$$EventMessageNode","id":"939d0c53-98a4-4b5d-9a48-f54392234027","ts":"2025-12-30T21:03:53.835-05:00","eventName":"n8n.node.started","message":"n8n.node.started","payload":{"workflowId":"x5T0iojW1dfc92cb","workflowName":"My workflow","executionId":"18","nodeType":"n8n-nodes-base.webhook","nodeName":"File Uploaded","nodeId":"85ef8842-4465-428c-a54a-943f9e40962e"}}
{"__type":"$$EventMessageConfirm","confirm":"939d0c53-98a4-4b5d-9a48-f54392234027","ts":"2025-12-30T21:03:53.835-05:00","source":{"id":"0","name":"eventBus"}}
{"__type":"$$EventMessageNode","id":"9ce9bb5a-261c-4e23-9cf0-086ff1cb11fb","ts":"2025-12-30T21:03:53.835-05:00","eventName":"n8n.node.finished","message":"n8n.node.finished","payload":{"workflowId":"x5T0iojW1dfc92cb","workflowName":"My workflow","executionId":"18","nodeType":"n8n-nodes-base.webhook","nodeName":"File Uploaded","nodeId":"85ef8842-4465-428c-a54a-943f9e40962e"}}
{"__type":"$$EventMessageConfirm","confirm":"9ce9bb5a-261c-4e23-9cf0-086ff1cb11fb","ts":"2025-12-30T21:03:53.835-05:00","source":{"id":"0","name":"eventBus"}}
{"__type":"$$EventMessageNode","id":"2666e6d4-7bc8-47ef-a61d-e58f2709bfc5","ts":"2025-12-30T21:03:53.835-05:00","eventName":"n8n.node.started","message":"n8n.node.started","payload":{"workflowId":"x5T0iojW1dfc92cb","workflowName":"My workflow","executionId":"18","nodeType":"n8n-nodes-base.httpRequest","nodeName":"HTTP Request","nodeId":"0c92071e-710f-43fe-952f-60e9b7e5ce98"}}
{"__type":"$$EventMessageConfirm","confirm":"2666e6d4-7bc8-47ef-a61d-e58f2709bfc5","ts":"2025-12-30T21:03:53.835-05:00","source":{"id":"0","name":"eventBus"}}
{"__type":"$$EventMessageNode","id":"1c140796-ed3c-441d-8677-6845a78df969","ts":"2025-12-30T21:03:54.056-05:00","eventName":"n8n.node.finished","message":"n8n.node.finished","payload":{"workflowId":"x5T0iojW1dfc92cb","workflowName":"My workflow","executionId":"18","nodeType":"n8n-nodes-base.httpRequest","nodeName":"HTTP Request","nodeId":"0c92071e-710f-43fe-952f-60e9b7e5ce98"}}
{"__type":"$$EventMessageConfirm","confirm":"1c140796-ed3c-441d-8677-6845a78df969","ts":"2025-12-30T21:03:54.056-05:00","source":{"id":"0","name":"eventBus"}}
{"__type":"$$EventMessageNode","id":"233881b8-29b7-41a7-83a3-4d9c006a5cc9","ts":"2025-12-30T21:03:54.056-05:00","eventName":"n8n.node.started","message":"n8n.node.started","payload":{"workflowId":"x5T0iojW1dfc92cb","workflowName":"My workflow","executionId":"18","nodeType":"n8n-nodes-base.code","nodeName":"Code in JavaScript","nodeId":"33bd4e07-6688-419d-9d0c-c4a09cc89ea4"}}
{"__type":"$$EventMessageConfirm","confirm":"233881b8-29b7-41a7-83a3-4d9c006a5cc9","ts":"2025-12-30T21:03:54.056-05:00","source":{"id":"0","name":"eventBus"}}
{"__type":"$$EventMessageRunner","id":"ea624fcb-bcfa-4d50-bd6a-a0272d5e56c2","ts":"2025-12-30T21:03:54.060-05:00","eventName":"n8n.runner.task.requested","message":"n8n.runner.task.requested","payload":{"taskId":"9xXKPDXq","nodeId":"33bd4e07-6688-419d-9d0c-c4a09cc89ea4","workflowId":"x5T0iojW1dfc92cb","executionId":"18"}}
{"__type":"$$EventMessageConfirm","confirm":"ea624fcb-bcfa-4d50-bd6a-a0272d5e56c2","ts":"2025-12-30T21:03:54.060-05:00","source":{"id":"0","name":"eventBus"}}
{"__type":"$$EventMessageRunner","id":"98ebeb27-eb4b-4268-84e7-8f8410fa569f","ts":"2025-12-30T21:03:54.074-05:00","eventName":"n8n.runner.response.received","message":"n8n.runner.response.received","payload":{"taskId":"9xXKPDXq","nodeId":"33bd4e07-6688-419d-9d0c-c4a09cc89ea4","workflowId":"x5T0iojW1dfc92cb","executionId":"18"}}
{"__type":"$$EventMessageConfirm","confirm":"98ebeb27-eb4b-4268-84e7-8f8410fa569f","ts":"2025-12-30T21:03:54.074-05:00","source":{"id":"0","name":"eventBus"}}
{"__type":"$$EventMessageNode","id":"f7a98ccc-9036-4827-8e73-be9897e606d4","ts":"2025-12-30T21:03:54.075-05:00","eventName":"n8n.node.finished","message":"n8n.node.finished","payload":{"workflowId":"x5T0iojW1dfc92cb","workflowName":"My workflow","executionId":"18","nodeType":"n8n-nodes-base.code","nodeName":"Code in JavaScript","nodeId":"33bd4e07-6688-419d-9d0c-c4a09cc89ea4"}}
{"__type":"$$EventMessageConfirm","confirm":"f7a98ccc-9036-4827-8e73-be9897e606d4","ts":"2025-12-30T21:03:54.075-05:00","source":{"id":"0","name":"eventBus"}}
{"__type":"$$EventMessageNode","id":"23983a00-2b65-49fd-86d6-3eb2ce61dab2","ts":"2025-12-30T21:03:54.075-05:00","eventName":"n8n.node.started","message":"n8n.node.started","payload":{"workflowId":"x5T0iojW1dfc92cb","workflowName":"My workflow","executionId":"18","nodeType":"n8n-nodes-base.code","nodeName":"Code in JavaScript1","nodeId":"0b0f2df5-9d70-4f31-877c-3b197150c344"}}
{"__type":"$$EventMessageConfirm","confirm":"23983a00-2b65-49fd-86d6-3eb2ce61dab2","ts":"2025-12-30T21:03:54.075-05:00","source":{"id":"0","name":"eventBus"}}
{"__type":"$$EventMessageRunner","id":"697d0dec-529a-4005-94e2-c51cbfab6ff5","ts":"2025-12-30T21:03:54.075-05:00","eventName":"n8n.runner.task.requested","message":"n8n.runner.task.requested","payload":{"taskId":"6nPyJXdO","nodeId":"0b0f2df5-9d70-4f31-877c-3b197150c344","workflowId":"x5T0iojW1dfc92cb","executionId":"18"}}
{"__type":"$$EventMessageConfirm","confirm":"697d0dec-529a-4005-94e2-c51cbfab6ff5","ts":"2025-12-30T21:03:54.075-05:00","source":{"id":"0","name":"eventBus"}}
{"__type":"$$EventMessageRunner","id":"a632eec2-e6d8-47e9-b9c8-8aa782f9dd9e","ts":"2025-12-30T21:03:54.082-05:00","eventName":"n8n.runner.response.received","message":"n8n.runner.response.received","payload":{"taskId":"6nPyJXdO","nodeId":"0b0f2df5-9d70-4f31-877c-3b197150c344","workflowId":"x5T0iojW1dfc92cb","executionId":"18"}}
{"__type":"$$EventMessageConfirm","confirm":"a632eec2-e6d8-47e9-b9c8-8aa782f9dd9e","ts":"2025-12-30T21:03:54.082-05:00","source":{"id":"0","name":"eventBus"}}
{"__type":"$$EventMessageNode","id":"de495f1c-0b10-4c89-90d9-447fcad90730","ts":"2025-12-30T21:03:54.082-05:00","eventName":"n8n.node.finished","message":"n8n.node.finished","payload":{"workflowId":"x5T0iojW1dfc92cb","workflowName":"My workflow","executionId":"18","nodeType":"n8n-nodes-base.code","nodeName":"Code in JavaScript1","nodeId":"0b0f2df5-9d70-4f31-877c-3b197150c344"}}
{"__type":"$$EventMessageConfirm","confirm":"de495f1c-0b10-4c89-90d9-447fcad90730","ts":"2025-12-30T21:03:54.082-05:00","source":{"id":"0","name":"eventBus"}}
{"__type":"$$EventMessageNode","id":"22428c7c-dfdf-4d2e-a293-746dcfe4838a","ts":"2025-12-30T21:03:54.082-05:00","eventName":"n8n.node.started","message":"n8n.node.started","payload":{"workflowId":"x5T0iojW1dfc92cb","workflowName":"My workflow","executionId":"18","nodeType":"n8n-nodes-base.httpRequest","nodeName":"HTTP Request1","nodeId":"2b19f6dd-6752-4804-a908-7762e264d80d"}}
{"__type":"$$EventMessageConfirm","confirm":"22428c7c-dfdf-4d2e-a293-746dcfe4838a","ts":"2025-12-30T21:03:54.082-05:00","source":{"id":"0","name":"eventBus"}}
{"__type":"$$EventMessageNode","id":"4ac728a0-414d-4aff-a70c-f41e19430125","ts":"2025-12-30T21:03:54.308-05:00","eventName":"n8n.node.finished","message":"n8n.node.finished","payload":{"workflowId":"x5T0iojW1dfc92cb","workflowName":"My workflow","executionId":"18","nodeType":"n8n-nodes-base.httpRequest","nodeName":"HTTP Request1","nodeId":"2b19f6dd-6752-4804-a908-7762e264d80d"}}
{"__type":"$$EventMessageConfirm","confirm":"4ac728a0-414d-4aff-a70c-f41e19430125","ts":"2025-12-30T21:03:54.308-05:00","source":{"id":"0","name":"eventBus"}}
{"__type":"$$EventMessageNode","id":"43974518-003a-4903-8b35-233fb6257c67","ts":"2025-12-30T21:03:54.308-05:00","eventName":"n8n.node.started","message":"n8n.node.started","payload":{"workflowId":"x5T0iojW1dfc92cb","workflowName":"My workflow","executionId":"18","nodeType":"n8n-nodes-base.httpRequest","nodeName":"HTTP Request2","nodeId":"6d3fe4e8-3869-4f69-984d-9e1de35f4bd0"}}
{"__type":"$$EventMessageConfirm","confirm":"43974518-003a-4903-8b35-233fb6257c67","ts":"2025-12-30T21:03:54.308-05:00","source":{"id":"0","name":"eventBus"}}
{"__type":"$$EventMessageNode","id":"8068bb5c-7fa8-4ce9-9aa0-71a605caa0e3","ts":"2025-12-30T21:03:54.792-05:00","eventName":"n8n.node.finished","message":"n8n.node.finished","payload":{"workflowId":"x5T0iojW1dfc92cb","workflowName":"My workflow","executionId":"18","nodeType":"n8n-nodes-base.httpRequest","nodeName":"HTTP Request2","nodeId":"6d3fe4e8-3869-4f69-984d-9e1de35f4bd0"}}
{"__type":"$$EventMessageConfirm","confirm":"8068bb5c-7fa8-4ce9-9aa0-71a605caa0e3","ts":"2025-12-30T21:03:54.792-05:00","source":{"id":"0","name":"eventBus"}}
{"__type":"$$EventMessageWorkflow","id":"dd78f37a-04e7-43a7-accd-d43a8d3124e7","ts":"2025-12-30T21:03:54.793-05:00","eventName":"n8n.workflow.success","message":"n8n.workflow.success","payload":{"executionId":"18","success":true,"isManual":false,"workflowId":"x5T0iojW1dfc92cb","workflowName":"My workflow"}}
{"__type":"$$EventMessageConfirm","confirm":"dd78f37a-04e7-43a7-accd-d43a8d3124e7","ts":"2025-12-30T21:03:54.793-05:00","source":{"id":"0","name":"eventBus"}}
{"__type":"$$EventMessageAudit","id":"528a0b39-8cbd-4b4a-8b8c-bf0ba2c0f375","ts":"2025-12-30T21:14:05.202-05:00","eventName":"n8n.audit.workflow.updated","message":"n8n.audit.workflow.updated","payload":{"userId":"78726ac8-1ad3-4f74-8b97-b703a6562dca","_email":"lohit.b@oneorigin.us","_firstName":"lohit","_lastName":"botta","globalRole":"global:owner","workflowId":"x5T0iojW1dfc92cb","workflowName":"My workflow"}}
{"__type":"$$EventMessageConfirm","confirm":"528a0b39-8cbd-4b4a-8b8c-bf0ba2c0f375","ts":"2025-12-30T21:14:05.202-05:00","source":{"id":"0","name":"eventBus"}}
