{"__type":"$$EventMessageWorkflow","id":"29c32cfa-3164-4018-a8f8-736135929bae","ts":"2025-12-30T19:33:31.498-05:00","eventName":"n8n.workflow.started","message":"n8n.workflow.started","payload":{"executionId":"8","workflowId":"x5T0iojW1dfc92cb","isManual":false,"workflowName":"My workflow"}}
{"__type":"$$EventMessageConfirm","confirm":"29c32cfa-3164-4018-a8f8-736135929bae","ts":"2025-12-30T19:33:31.499-05:00","source":{"id":"0","name":"eventBus"}}
{"__type":"$$EventMessageNode","id":"c0001323-a0b7-4fb0-a67f-b53331ed66bd","ts":"2025-12-30T19:33:31.499-05:00","eventName":"n8n.node.started","message":"n8n.node.started","payload":{"workflowId":"x5T0iojW1dfc92cb","workflowName":"My workflow","executionId":"8","nodeType":"n8n-nodes-base.webhook","nodeName":"File Uploaded","nodeId":"85ef8842-4465-428c-a54a-943f9e40962e"}}
{"__type":"$$EventMessageConfirm","confirm":"c0001323-a0b7-4fb0-a67f-b53331ed66bd","ts":"2025-12-30T19:33:31.499-05:00","source":{"id":"0","name":"eventBus"}}
{"__type":"$$EventMessageNode","id":"8df79fda-f434-4427-bd97-dd7de8b1fe6f","ts":"2025-12-30T19:33:31.500-05:00","eventName":"n8n.node.finished","message":"n8n.node.finished","payload":{"workflowId":"x5T0iojW1dfc92cb","workflowName":"My workflow","executionId":"8","nodeType":"n8n-nodes-base.webhook","nodeName":"File Uploaded","nodeId":"85ef8842-4465-428c-a54a-943f9e40962e"}}
{"__type":"$$EventMessageConfirm","confirm":"8df79fda-f434-4427-bd97-dd7de8b1fe6f","ts":"2025-12-30T19:33:31.500-05:00","source":{"id":"0","name":"eventBus"}}
{"__type":"$$EventMessageNode","id":"7fac6213-f9d6-4266-86ea-b3c5549d493f","ts":"2025-12-30T19:33:31.500-05:00","eventName":"n8n.node.started","message":"n8n.node.started","payload":{"workflowId":"x5T0iojW1dfc92cb","workflowName":"My workflow","executionId":"8","nodeType":"n8n-nodes-base.httpRequest","nodeName":"HTTP Request","nodeId":"0c92071e-710f-43fe-952f-60e9b7e5ce98"}}
{"__type":"$$EventMessageConfirm","confirm":"7fac6213-f9d6-4266-86ea-b3c5549d493f","ts":"2025-12-30T19:33:31.500-05:00","source":{"id":"0","name":"eventBus"}}
{"__type":"$$EventMessageNode","id":"e2372b09-8983-4cc3-bb7e-fb532e2108c0","ts":"2025-12-30T19:33:31.673-05:00","eventName":"n8n.node.finished","message":"n8n.node.finished","payload":{"workflowId":"x5T0iojW1dfc92cb","workflowName":"My workflow","executionId":"8","nodeType":"n8n-nodes-base.httpRequest","nodeName":"HTTP Request","nodeId":"0c92071e-710f-43fe-952f-60e9b7e5ce98"}}
{"__type":"$$EventMessageConfirm","confirm":"e2372b09-8983-4cc3-bb7e-fb532e2108c0","ts":"2025-12-30T19:33:31.673-05:00","source":{"id":"0","name":"eventBus"}}
{"__type":"$$EventMessageNode","id":"c8d2949f-90bc-4a56-aba7-9391e71abc81","ts":"2025-12-30T19:33:31.673-05:00","eventName":"n8n.node.started","message":"n8n.node.started","payload":{"workflowId":"x5T0iojW1dfc92cb","workflowName":"My workflow","executionId":"8","nodeType":"n8n-nodes-base.code","nodeName":"Code in JavaScript","nodeId":"33bd4e07-6688-419d-9d0c-c4a09cc89ea4"}}
{"__type":"$$EventMessageConfirm","confirm":"c8d2949f-90bc-4a56-aba7-9391e71abc81","ts":"2025-12-30T19:33:31.673-05:00","source":{"id":"0","name":"eventBus"}}
{"__type":"$$EventMessageRunner","id":"3417454b-358d-472e-8789-ae918236f83d","ts":"2025-12-30T19:33:31.678-05:00","eventName":"n8n.runner.task.requested","message":"n8n.runner.task.requested","payload":{"taskId":"LPw_8kLE","nodeId":"33bd4e07-6688-419d-9d0c-c4a09cc89ea4","workflowId":"x5T0iojW1dfc92cb","executionId":"8"}}
{"__type":"$$EventMessageConfirm","confirm":"3417454b-358d-472e-8789-ae918236f83d","ts":"2025-12-30T19:33:31.678-05:00","source":{"id":"0","name":"eventBus"}}
{"__type":"$$EventMessageRunner","id":"a5edf44b-b098-4d1e-ae68-6988d0afa118","ts":"2025-12-30T19:33:31.718-05:00","eventName":"n8n.runner.response.received","message":"n8n.runner.response.received","payload":{"taskId":"LPw_8kLE","nodeId":"33bd4e07-6688-419d-9d0c-c4a09cc89ea4","workflowId":"x5T0iojW1dfc92cb","executionId":"8"}}
{"__type":"$$EventMessageConfirm","confirm":"a5edf44b-b098-4d1e-ae68-6988d0afa118","ts":"2025-12-30T19:33:31.718-05:00","source":{"id":"0","name":"eventBus"}}
{"__type":"$$EventMessageNode","id":"25a288ed-fb04-4d1a-a336-e8af7d2ef6d4","ts":"2025-12-30T19:33:31.719-05:00","eventName":"n8n.node.finished","message":"n8n.node.finished","payload":{"workflowId":"x5T0iojW1dfc92cb","workflowName":"My workflow","executionId":"8","nodeType":"n8n-nodes-base.code","nodeName":"Code in JavaScript","nodeId":"33bd4e07-6688-419d-9d0c-c4a09cc89ea4"}}
{"__type":"$$EventMessageConfirm","confirm":"25a288ed-fb04-4d1a-a336-e8af7d2ef6d4","ts":"2025-12-30T19:33:31.719-05:00","source":{"id":"0","name":"eventBus"}}
{"__type":"$$EventMessageNode","id":"915a3199-4428-4f73-b377-8e2a6267a432","ts":"2025-12-30T19:33:31.719-05:00","eventName":"n8n.node.started","message":"n8n.node.started","payload":{"workflowId":"x5T0iojW1dfc92cb","workflowName":"My workflow","executionId":"8","nodeType":"n8n-nodes-base.code","nodeName":"Code in JavaScript1","nodeId":"0b0f2df5-9d70-4f31-877c-3b197150c344"}}
{"__type":"$$EventMessageConfirm","confirm":"915a3199-4428-4f73-b377-8e2a6267a432","ts":"2025-12-30T19:33:31.719-05:00","source":{"id":"0","name":"eventBus"}}
{"__type":"$$EventMessageRunner","id":"c0b6381d-f3ff-4acb-a6fa-1cf758e65518","ts":"2025-12-30T19:33:31.720-05:00","eventName":"n8n.runner.task.requested","message":"n8n.runner.task.requested","payload":{"taskId":"f24duA_Y","nodeId":"0b0f2df5-9d70-4f31-877c-3b197150c344","workflowId":"x5T0iojW1dfc92cb","executionId":"8"}}
{"__type":"$$EventMessageConfirm","confirm":"c0b6381d-f3ff-4acb-a6fa-1cf758e65518","ts":"2025-12-30T19:33:31.720-05:00","source":{"id":"0","name":"eventBus"}}
{"__type":"$$EventMessageRunner","id":"d17bb956-bda7-46bf-aa5b-13f8a9ec682c","ts":"2025-12-30T19:33:31.724-05:00","eventName":"n8n.runner.response.received","message":"n8n.runner.response.received","payload":{"taskId":"f24duA_Y","nodeId":"0b0f2df5-9d70-4f31-877c-3b197150c344","workflowId":"x5T0iojW1dfc92cb","executionId":"8"}}
{"__type":"$$EventMessageConfirm","confirm":"d17bb956-bda7-46bf-aa5b-13f8a9ec682c","ts":"2025-12-30T19:33:31.724-05:00","source":{"id":"0","name":"eventBus"}}
{"__type":"$$EventMessageNode","id":"958c4535-b04a-48b1-98cc-9e6ae73bcb7e","ts":"2025-12-30T19:33:31.724-05:00","eventName":"n8n.node.finished","message":"n8n.node.finished","payload":{"workflowId":"x5T0iojW1dfc92cb","workflowName":"My workflow","executionId":"8","nodeType":"n8n-nodes-base.code","nodeName":"Code in JavaScript1","nodeId":"0b0f2df5-9d70-4f31-877c-3b197150c344"}}
{"__type":"$$EventMessageConfirm","confirm":"958c4535-b04a-48b1-98cc-9e6ae73bcb7e","ts":"2025-12-30T19:33:31.725-05:00","source":{"id":"0","name":"eventBus"}}
{"__type":"$$EventMessageNode","id":"b966c6e4-f5a9-4d67-a8a0-fa0597298c68","ts":"2025-12-30T19:33:31.725-05:00","eventName":"n8n.node.started","message":"n8n.node.started","payload":{"workflowId":"x5T0iojW1dfc92cb","workflowName":"My workflow","executionId":"8","nodeType":"n8n-nodes-base.httpRequest","nodeName":"HTTP Request1","nodeId":"2b19f6dd-6752-4804-a908-7762e264d80d"}}
{"__type":"$$EventMessageConfirm","confirm":"b966c6e4-f5a9-4d67-a8a0-fa0597298c68","ts":"2025-12-30T19:33:31.725-05:00","source":{"id":"0","name":"eventBus"}}
{"__type":"$$EventMessageNode","id":"80be53f3-d16c-484f-b284-694e49892f91","ts":"2025-12-30T19:33:31.984-05:00","eventName":"n8n.node.finished","message":"n8n.node.finished","payload":{"workflowId":"x5T0iojW1dfc92cb","workflowName":"My workflow","executionId":"8","nodeType":"n8n-nodes-base.httpRequest","nodeName":"HTTP Request1","nodeId":"2b19f6dd-6752-4804-a908-7762e264d80d"}}
{"__type":"$$EventMessageConfirm","confirm":"80be53f3-d16c-484f-b284-694e49892f91","ts":"2025-12-30T19:33:31.984-05:00","source":{"id":"0","name":"eventBus"}}
{"__type":"$$EventMessageWorkflow","id":"f7ec099b-67f2-43f4-9a2b-21b3a6af5a03","ts":"2025-12-30T19:33:31.985-05:00","eventName":"n8n.workflow.failed","message":"n8n.workflow.failed","payload":{"executionId":"8","success":false,"isManual":false,"workflowId":"x5T0iojW1dfc92cb","workflowName":"My workflow","lastNodeExecuted":"HTTP Request1","errorNodeType":"n8n-nodes-base.httpRequest","errorMessage":"Bad request - please check your parameters"}}
{"__type":"$$EventMessageConfirm","confirm":"f7ec099b-67f2-43f4-9a2b-21b3a6af5a03","ts":"2025-12-30T19:33:31.985-05:00","source":{"id":"0","name":"eventBus"}}
{"__type":"$$EventMessageAudit","id":"4207407c-9fa4-4bd6-ae4c-a589e7a878f4","ts":"2025-12-30T19:44:17.859-05:00","eventName":"n8n.audit.workflow.updated","message":"n8n.audit.workflow.updated","payload":{"userId":"78726ac8-1ad3-4f74-8b97-b703a6562dca","_email":"lohit.b@oneorigin.us","_firstName":"lohit","_lastName":"botta","globalRole":"global:owner","workflowId":"x5T0iojW1dfc92cb","workflowName":"My workflow"}}
{"__type":"$$EventMessageConfirm","confirm":"4207407c-9fa4-4bd6-ae4c-a589e7a878f4","ts":"2025-12-30T19:44:17.859-05:00","source":{"id":"0","name":"eventBus"}}
